#
# A fatal error has been detected by the Java Runtime Environment:
#
#  EXCEPTION_ACCESS_VIOLATION (0xc0000005) at pc=0x0000022098c20fa4, pid=22236, tid=11636
#
# JRE version: Java(TM) SE Runtime Environment (21.0.3+7) (build 21.0.3+7-LTS-152)
# Java VM: Java HotSpot(TM) 64-Bit Server VM (21.0.3+7-LTS-152, mixed mode, emulated-client, sharing, tiered, compressed oops, compressed class ptrs, g1 gc, windows-amd64)
# Problematic frame:
# v  ~BufferBlob::MethodHandles adapters 0x0000022098c20fa4
#
# No core dump will be written. Minidumps are not enabled by default on client versions of Windows
#
# If you would like to submit a bug report, please visit:
#   https://bugreport.java.com/bugreport/crash.jsp
#

---------------  S U M M A R Y ------------

Command Line: -XX:+ShowCodeDetailsInExceptionMessages -agentlib:jdwp=transport=dt_socket,suspend=y,address=localhost:58877 -Dcom.sun.management.jmxremote -Dcom.sun.management.jmxremote.port=58876 -Dcom.sun.management.jmxremote.authenticate=false -Dcom.sun.management.jmxremote.ssl=false -Djava.rmi.server.hostname=localhost -Dspring.jmx.enabled=true -Dmanagement.endpoints.jmx.exposure.include=* -Dspring.application.admin.enabled=true -XX:TieredStopAtLevel=1 -Dspring.boot.project.name=ojt-spring-api -javaagent:D:\jee-2024-03\eclipse\configuration\org.eclipse.osgi\442\0\.cp\lib\javaagent-shaded.jar -Dfile.encoding=UTF-8 -Dstdout.encoding=UTF-8 -Dstderr.encoding=UTF-8 com.tuanna.ojt.api.OjtSpringApiApplication --debug --spring.profiles.active=local --spring.output.ansi.enabled=always

Host: Intel(R) Core(TM) i7-8700 CPU @ 3.20GHz, 12 cores, 31G,  Windows 11 , 64 bit Build 22621 (10.0.22621.3527)
Time: Thu Jun 13 11:50:13 2024 SE Asia Standard Time elapsed time: 2570.734583 seconds (0d 0h 42m 50s)

---------------  T H R E A D  ---------------

Current thread (0x00000220f1c25430):  JavaThread "ForkJoinPool-1-worker-23" daemon [_thread_in_Java, id=11636, stack(0x00000083af900000,0x00000083afa00000) (1024K)]

Stack: [0x00000083af900000,0x00000083afa00000],  sp=0x00000083af9febc8,  free space=1018k
Native frames: (J=compiled Java code, j=interpreted, Vv=VM code, C=native code)
C  0x0000022098c20fa4

The last pc belongs to _linkToVirtual (printed below).

siginfo: EXCEPTION_ACCESS_VIOLATION (0xc0000005), reading address 0x0000022193b2848b


Registers:
RAX=0x0000022098bf958b, RBX=0x000000060defb160, RCX=0x00000083af9febd8, RDX=0x0000000000000003
RSP=0x00000083af9febc8, RBP=0x00000083af9fec20, RSI=0x00000220ef8377a8, RDI=0x00000220f247ea40
R8 =0x0000000000000004, R9 =0x0000000000000004, R10=0x0000022193b28273, R11=0x000000000000000a
R12=0x0000000000000000, R13=0x00000083af9febc8, R14=0x00000083af9fec48, R15=0x00000220f1c25430
RIP=0x0000022098c20fa4, EFLAGS=0x0000000000010202


Register to memory mapping:

RAX=0x0000022098bf958b is at code_begin+4363 in an Interpreter codelet
return entry points  [0x0000022098bf8480, 0x0000022098bfa298]  7704 bytes
RBX=0x000000060defb160 is an oop: com.tuanna.ojt.api.dto.StudentEventRequestDto 
{0x000000060defb160} - klass: 'com/tuanna/ojt/api/dto/StudentEventRequestDto'
 - ---- fields (total size 5 words):
 - private final 'pageNumber' 'I' @12  1 (0x00000001)
 - private final 'pageSize' 'I' @16  10 (0x0000000a)
 - private final 'name' 'Ljava/lang/String;' @20  null (0x00000000)
 - private final 'grade' 'Ljava/lang/String;' @24  null (0x00000000)
 - private final 'event' 'Ljava/lang/String;' @28  null (0x00000000)
 - private final 'hashtags' 'Ljava/util/List;' @32  null (0x00000000)
RCX=0x00000083af9febd8 is pointing into the stack for thread: 0x00000220f1c25430
RDX=0x0000000000000003 is an unknown value
RSP=0x00000083af9febc8 is pointing into the stack for thread: 0x00000220f1c25430
RBP=0x00000083af9fec20 is pointing into the stack for thread: 0x00000220f1c25430
RSI=0x00000220ef8377a8 points into unknown readable memory: 0x88000969160be468 | 68 e4 0b 16 69 09 00 88
RDI=0x00000220f247ea40 points into unknown readable memory: 0x0000002000000070 | 70 00 00 00 20 00 00 00
R8 =0x0000000000000004 is an unknown value
R9 =0x0000000000000004 is an unknown value
R10=0x0000022193b28273 is an unknown value
R11=0x000000000000000a is an unknown value
R12=0x0 is null
R13=0x00000083af9febc8 is pointing into the stack for thread: 0x00000220f1c25430
R14=0x00000083af9fec48 is pointing into the stack for thread: 0x00000220f1c25430
R15=0x00000220f1c25430 is a thread

Top of Stack: (sp=0x00000083af9febc8)
0x00000083af9febc8:   0000022098bf958b 000000060e4a04f0
0x00000083af9febd8:   00000083af9febd8 00000220eab28273
0x00000083af9febe8:   0000000000000005 00000220eab283c0
0x00000083af9febf8:   000000060deee0f8 00000006035435e0
0x00000083af9fec08:   00000220eab28280 00000083af9febc8
0x00000083af9fec18:   00000083af9fec50 00000083af9fec90
0x00000083af9fec28:   0000022098bf6d2d 000000060e185180
0x00000083af9fec38:   000000060defb160 000000060e4a04f0
0x00000083af9fec48:   000000060e1852e8 0000000000000000
0x00000083af9fec58:   0000000000000000 000000060e1eae20
0x00000083af9fec68:   0000000000000000 0000000000000001
0x00000083af9fec78:   00000083af9ff208 0000000000000000
0x00000083af9fec88:   0000022000000000 00000083af9ff1f0
0x00000083af9fec98:   00000220993162ad 0000000604867d00
0x00000083af9feca8:   00007ffa773c6093 000000060e1eae20
0x00000083af9fecb8:   00000083af9fecb8 0000000000000000
0x00000083af9fecc8:   0000000000000003 000000060e1ead80
0x00000083af9fecd8:   00007ffa77586048 00000220f23ddb58
0x00000083af9fece8:   00000220a907d928 0000000602c0b4b8
0x00000083af9fecf8:   00000083af9fed10 00000220f1c25430
0x00000083af9fed08:   00000220f25105c0 00000220f23ddb40
0x00000083af9fed18:   00000220f23ddb58 00000220f23ddc28
0x00000083af9fed28:   00000000000000d8 00000083af9ff560
0x00000083af9fed38:   0000000000000000 00000220f1c25430
0x00000083af9fed48:   00000006042a5000 0000000000000001
0x00000083af9fed58:   00007ffa7746484f 000000060e1ead80
0x00000083af9fed68:   00000220f1c25430 00000083af9fedf0
0x00000083af9fed78:   0000000000000000 000000060e1ead80
0x00000083af9fed88:   0000022099e4720a 00000220ebfc0980
0x00000083af9fed98:   000000060e1eae20 0000000000000000
0x00000083af9feda8:   0000022000000001 0000000604867d00
0x00000083af9fedb8:   0000000000000000 00000083af9fedc0 

Instructions: (pc=0x0000022098c20fa4)
0x0000022098c20ea4:   20 02 00 00 00 0f c2 98 20 02 00 00 80 1f c2 98
0x0000022098c20eb4:   20 02 00 00 f0 0e c2 98 20 02 00 00 f0 0e c2 98
0x0000022098c20ec4:   20 02 00 00 00 00 00 00 00 00 00 00 00 bf 98 77
0x0000022098c20ed4:   fa 7f 00 00 f0 10 00 00 60 00 00 00 ff ff ff ff
0x0000022098c20ee4:   f0 10 00 00 00 00 00 00 00 00 00 00 00 00 00 00
0x0000022098c20ef4:   00 00 00 00 00 00 00 00 00 00 00 00 f4 66 66 66
0x0000022098c20f04:   0f 1f 84 00 00 00 00 00 66 66 66 90 66 66 66 0f
0x0000022098c20f14:   1f 84 00 00 00 00 00 66 66 66 90 90 48 8b 53 08
0x0000022098c20f24:   0f b7 52 2e 48 8b 0c d4 8b 59 14 48 c1 e3 03 8b
0x0000022098c20f34:   5b 28 48 c1 e3 03 8b 5b 24 48 c1 e3 03 48 8b 5b
0x0000022098c20f44:   10 48 85 db 0f 84 10 00 00 00 41 80 bf e0 05 00
0x0000022098c20f54:   00 00 74 03 ff 63 38 ff 63 50 e9 9d 16 00 00 66
0x0000022098c20f64:   66 66 0f 1f 84 00 00 00 00 00 66 66 66 90 66 66
0x0000022098c20f74:   0f 1f 84 00 00 00 00 00 66 66 66 90 48 8b 53 08
0x0000022098c20f84:   0f b7 52 2e 48 8b 0c d4 58 5b 50 44 8b 51 08 49
0x0000022098c20f94:   bb 00 00 00 a9 20 02 00 00 4d 03 d3 4c 8b 5b 10
0x0000022098c20fa4:   4b 8b 9c da c8 01 00 00 48 85 db 0f 84 10 00 00
0x0000022098c20fb4:   00 41 80 bf e0 05 00 00 00 74 03 ff 63 38 ff 63
0x0000022098c20fc4:   50 e9 36 16 00 00 66 66 66 0f 1f 84 00 00 00 00
0x0000022098c20fd4:   00 66 66 66 90 0f 1f 80 00 00 00 00 58 5b 50 8b
0x0000022098c20fe4:   5b 24 48 c1 e3 03 48 8b 5b 10 48 85 db 0f 84 10
0x0000022098c20ff4:   00 00 00 41 80 bf e0 05 00 00 00 74 03 ff 63 38
0x0000022098c21004:   ff 63 50 e9 f4 15 00 00 66 66 66 0f 1f 84 00 00
0x0000022098c21014:   00 00 00 66 66 66 90 0f 1f 44 00 00 48 8b 53 08
0x0000022098c21024:   0f b7 52 2e 48 8b 0c d4 58 5b 50 48 3b 01 8b 5b
0x0000022098c21034:   24 48 c1 e3 03 48 8b 5b 10 48 85 db 0f 84 10 00
0x0000022098c21044:   00 00 41 80 bf e0 05 00 00 00 74 03 ff 63 38 ff
0x0000022098c21054:   63 50 e9 a5 15 00 00 0f 1f 44 00 00 48 8b 53 08
0x0000022098c21064:   0f b7 52 2e 48 8b 0c d4 58 5b 50 44 8b 51 08 49
0x0000022098c21074:   bb 00 00 00 a9 20 02 00 00 4d 03 d3 8b 43 18 48
0x0000022098c21084:   c1 e0 03 48 8b 40 10 48 8b 5b 10 45 8b 9a a0 00
0x0000022098c21094:   00 00 4f 8d 9c da c8 01 00 00 4d 8d 14 da 49 8b 


Stack slot to memory mapping:

stack at sp + 0 slots: 0x0000022098bf958b is at code_begin+4363 in an Interpreter codelet
return entry points  [0x0000022098bf8480, 0x0000022098bfa298]  7704 bytes
stack at sp + 1 slots: 0x000000060e4a04f0 is an oop: com.tuanna.ojt.api.service.impl.StudentServiceImpl 
{0x000000060e4a04f0} - klass: 'com/tuanna/ojt/api/service/impl/StudentServiceImpl'
 - ---- fields (total size 4 words):
 - private final 'entityManager' 'Ljakarta/persistence/EntityManager;' @12  a 'jdk/proxy25/$Proxy254'{0x000000060eda0518} (0xc1db40a3)
 - private final 'studentRepository' 'Lcom/tuanna/ojt/api/repository/StudentRepository;' @16  a 'jdk/proxy25/$Proxy255'{0x000000060eb7ca10} (0xc1d6f942)
 - private final 'eventDetailRepository' 'Lcom/tuanna/ojt/api/repository/EventDetailRepository;' @20  a 'jdk/proxy25/$Proxy256'{0x000000060ebd5ec8} (0xc1d7abd9)
 - private final 'commonService' 'Lcom/tuanna/ojt/api/service/CommonService;' @24  a 'com/tuanna/ojt/api/service/impl/CommonServiceImpl$$SpringCGLIB$$0'{0x000000060e483a88} (0xc1c90751)
stack at sp + 2 slots: 0x00000083af9febd8 is pointing into the stack for thread: 0x00000220f1c25430
stack at sp + 3 slots: 0x00000220eab28273 is pointing into metadata
stack at sp + 4 slots: 0x0000000000000005 is an unknown value
stack at sp + 5 slots: 0x00000220eab283c0 is pointing into metadata
stack at sp + 6 slots: 0x000000060deee0f8 is an oop: org.springframework.security.web.firewall.StrictHttpFirewall$StrictFirewalledRequest 
{0x000000060deee0f8} - klass: 'org/springframework/security/web/firewall/StrictHttpFirewall$StrictFirewalledRequest'
 - ---- fields (total size 3 words):
 - private 'request' 'Ljakarta/servlet/ServletRequest;' @12  a 'org/apache/catalina/connector/RequestFacade'{0x000000060deeb9a8} (0xc1bdd735)
 - final synthetic 'this$0' 'Lorg/springframework/security/web/firewall/StrictHttpFirewall;' @16  a 'org/springframework/security/web/firewall/StrictHttpFirewall'{0x00000006081d86b8} (0xc103b0d7)
stack at sp + 7 slots: 0x00000006035435e0 is an oop: java.lang.Class 
{0x00000006035435e0} - klass: 'java/lang/Class'
 - ---- fields (total size 15 words):
 - private volatile transient 'classRedefinedCount' 'I' @12  0 (0x00000000)
 - injected 'klass' 'J' @16  2339316259840 (0x00000220aa1d5c00)
 - injected 'array_klass' 'J' @24  0 (0x0000000000000000)
 - injected 'oop_size' 'I' @32  15 (0x0000000f)
 - injected 'static_oop_field_count' 'I' @36  1 (0x00000001)
 - private volatile transient 'cachedConstructor' 'Ljava/lang/reflect/Constructor;' @40  null (0x00000000)
 - private transient 'name' 'Ljava/lang/String;' @44  null (0x00000000)
 - private transient 'module' 'Ljava/lang/Module;' @48  a 'java/lang/Module'{0x0000000602c0eac8} (0xc0581d59)
 - private final 'classLoader' 'Ljava/lang/ClassLoader;' @52  null (0x00000000)
 - private transient 'classData' 'Ljava/lang/Object;' @56  a 'java/lang/invoke/LambdaForm'{0x0000000603545358} => a 'java/lang/invoke/MemberName'{0x0000000603545488} = {method} {0x00000220eab28288} 'invokeVirtual' '(Ljava/lang/Object;Ljava/lang/Object;Ljava/lang/Object;)Ljava/lang/Object;' in 'java/lang/invoke/LambdaForm$DMH+0x00000220aa1d5c00' (0xc06a8a6b)
 - private transient 'packageName' 'Ljava/lang/String;' @60  null (0x00000000)
 - private final 'componentType' 'Ljava/lang/Class;' @64  null (0x00000000)
 - private volatile transient 'reflectionData' 'Ljava/lang/ref/SoftReference;' @68  null (0x00000000)
 - private volatile transient 'genericInfo' 'Lsun/reflect/generics/repository/ClassRepository;' @72  null (0x00000000)
 - private volatile transient 'enumConstants' '[Ljava/lang/Object;' @76  null (0x00000000)
 - private volatile transient 'enumConstantDirectory' 'Ljava/util/Map;' @80  null (0x00000000)
 - private volatile transient 'annotationData' 'Ljava/lang/Class$AnnotationData;' @84  null (0x00000000)
 - private volatile transient 'annotationType' 'Lsun/reflect/annotation/AnnotationType;' @88  null (0x00000000)
 - transient 'classValueMap' 'Ljava/lang/ClassValue$ClassValueMap;' @92  null (0x00000000)
 - injected 'protection_domain' 'Ljava/lang/Object;' @96  null (0x00000000)
 - injected 'signers_name' 'Ljava/lang/Object;' @100  null (0x00000000)
 - injected 'source_file' 'Ljava/lang/Object;' @104  null (0x00000000)
 - signature: Ljava/lang/invoke/LambdaForm$DMH+0x00000220aa1d5c00;
 - ---- static fields (1):
 - static final '_D_0' 'Ljava/lang/invoke/LambdaForm;' @112  a 'java/lang/invoke/LambdaForm'{0x0000000603545358} => a 'java/lang/invoke/MemberName'{0x0000000603545488} = {method} {0x00000220eab28288} 'invokeVirtual' '(Ljava/lang/Object;Ljava/lang/Object;Ljava/lang/Object;)Ljava/lang/Object;' in 'java/lang/invoke/LambdaForm$DMH+0x00000220aa1d5c00' (0xc06a8a6b)

MethodHandle::interpreter_entry::_linkToVirtual [0x0000022098c20f63, 0x0000022098c20fca] (103 bytes)
[MachCode]
  0x0000022098c20f63: 6666 660f | 1f84 0000 | 0000 0066 | 6666 9066 | 660f 1f84 | 0000 0000 | 0066 6666 | 9048 8b53 
  0x0000022098c20f83: 080f b752 | 2e48 8b0c | d458 5b50 | 448b 5108 | 49bb 0000 | 00a9 2002 | 0000 4d03 | d34c 8b5b 
  0x0000022098c20fa3: 104b 8b9c | dac8 0100 | 0048 85db | 0f84 1000 | 0000 4180 | bfe0 0500 | 0000 7403 | ff63 38ff 
  0x0000022098c20fc3: 6350 e936 | 
[/MachCode]

---------------  P R O C E S S  ---------------

Threads class SMR info:
_java_thread_list=0x00000220f24651f0, length=42, elements={
0x00000220a6024360, 0x00000220a6024dc0, 0x00000220a6026800, 0x00000220a602b470,
0x00000220a602e090, 0x00000220a602edd0, 0x00000220a6035060, 0x00000220a8c45f90,
0x00000220a8cf7ab0, 0x00000220a8cfc150, 0x00000220a8cfc7d0, 0x00000220ee796650,
0x00000220ee8bb7a0, 0x00000220ee8c1920, 0x00000220ee98b350, 0x00000220ee9a0050,
0x00000220eed684c0, 0x00000220f0b56cc0, 0x00000220f0b56630, 0x00000220f0b57350,
0x00000220f0b58700, 0x00000220f0b55280, 0x00000220f0b51e00, 0x00000220f0b54560,
0x00000220f0b53840, 0x00000220f0b53ed0, 0x00000220eef925b0, 0x00000220eef94d10,
0x00000220f1c25430, 0x00000220f1c26150, 0x00000220f1c267e0, 0x00000220f1c26e70,
0x00000220f0b531b0, 0x00000220f1c21fb0, 0x00000220f1c28f40, 0x00000220eef92c40,
0x00000220eef932d0, 0x00000220eef93960, 0x00000220eef93ff0, 0x00000220f1c27500,
0x00000220f1c22cd0, 0x00000220f1c288b0
}

Java Threads: ( => current thread )
  0x00000220a6024360 JavaThread "Reference Handler"          daemon [_thread_blocked, id=22432, stack(0x00000083adc00000,0x00000083add00000) (1024K)]
  0x00000220a6024dc0 JavaThread "Finalizer"                  daemon [_thread_blocked, id=19208, stack(0x00000083add00000,0x00000083ade00000) (1024K)]
  0x00000220a6026800 JavaThread "Signal Dispatcher"          daemon [_thread_blocked, id=17472, stack(0x00000083ade00000,0x00000083adf00000) (1024K)]
  0x00000220a602b470 JavaThread "Attach Listener"            daemon [_thread_blocked, id=9424, stack(0x00000083adf00000,0x00000083ae000000) (1024K)]
  0x00000220a602e090 JavaThread "Service Thread"             daemon [_thread_blocked, id=26552, stack(0x00000083ae000000,0x00000083ae100000) (1024K)]
  0x00000220a602edd0 JavaThread "Monitor Deflation Thread"   daemon [_thread_blocked, id=25264, stack(0x00000083ae100000,0x00000083ae200000) (1024K)]
  0x00000220a6035060 JavaThread "C1 CompilerThread0"         daemon [_thread_blocked, id=16204, stack(0x00000083ae200000,0x00000083ae300000) (1024K)]
  0x00000220a8c45f90 JavaThread "Common-Cleaner"             daemon [_thread_blocked, id=14936, stack(0x00000083ae300000,0x00000083ae400000) (1024K)]
  0x00000220a8cf7ab0 JavaThread "JDWP Transport Listener: dt_socket" daemon [_thread_blocked, id=23712, stack(0x00000083ae600000,0x00000083ae700000) (1024K)]
  0x00000220a8cfc150 JavaThread "JDWP Event Helper Thread"   daemon [_thread_blocked, id=15352, stack(0x00000083ae700000,0x00000083ae800000) (1024K)]
  0x00000220a8cfc7d0 JavaThread "JDWP Command Reader"        daemon [_thread_in_native, id=33452, stack(0x00000083ae800000,0x00000083ae900000) (1024K)]
  0x00000220ee796650 JavaThread "Notification Thread"        daemon [_thread_blocked, id=16220, stack(0x00000083ae900000,0x00000083aea00000) (1024K)]
  0x00000220ee8bb7a0 JavaThread "RMI TCP Accept-0"           daemon [_thread_in_native, id=26916, stack(0x00000083af400000,0x00000083af500000) (1024K)]
  0x00000220ee8c1920 JavaThread "RMI TCP Accept-58876"       daemon [_thread_in_native, id=23776, stack(0x00000083af500000,0x00000083af600000) (1024K)]
  0x00000220ee98b350 JavaThread "RMI TCP Accept-0"           daemon [_thread_in_native, id=14344, stack(0x00000083af600000,0x00000083af700000) (1024K)]
  0x00000220ee9a0050 JavaThread "RMI Scheduler(0)"           daemon [_thread_blocked, id=31764, stack(0x00000083af800000,0x00000083af900000) (1024K)]
  0x00000220eed684c0 JavaThread "JMX server connection timeout 40" daemon [_thread_blocked, id=5968, stack(0x00000083afa00000,0x00000083afb00000) (1024K)]
  0x00000220f0b56cc0 JavaThread "Read-Poller"                daemon [_thread_in_native, id=29772, stack(0x00000083b0b00000,0x00000083b0c00000) (1024K)]
  0x00000220f0b56630 JavaThread "Read-Updater"               daemon [_thread_blocked, id=22668, stack(0x00000083b0c00000,0x00000083b0d00000) (1024K)]
  0x00000220f0b57350 JavaThread "Write-Poller"               daemon [_thread_in_native, id=13636, stack(0x00000083b0d00000,0x00000083b0e00000) (1024K)]
  0x00000220f0b58700 JavaThread "Write-Updater"              daemon [_thread_blocked, id=18984, stack(0x00000083b0e00000,0x00000083b0f00000) (1024K)]
  0x00000220f0b55280 JavaThread "VirtualThread-unparker"     daemon [_thread_blocked, id=32884, stack(0x00000083b0f00000,0x00000083b1000000) (1024K)]
  0x00000220f0b51e00 JavaThread "PostgreSQL-JDBC-Cleaner"    daemon [_thread_blocked, id=4688, stack(0x00000083b1100000,0x00000083b1200000) (1024K)]
  0x00000220f0b54560 JavaThread "Live Reload Server"         daemon [_thread_in_native, id=17060, stack(0x00000083b1800000,0x00000083b1900000) (1024K)]
  0x00000220f0b53840 JavaThread "DestroyJavaVM"                     [_thread_blocked, id=9784, stack(0x00000083ad400000,0x00000083ad500000) (1024K)]
  0x00000220f0b53ed0 JavaThread "RMI TCP Connection(idle)"   daemon [_thread_blocked, id=29704, stack(0x00000083afb00000,0x00000083afc00000) (1024K)]
  0x00000220eef925b0 JavaThread "RMI TCP Connection(4)-127.0.0.1" daemon [_thread_in_native, id=19200, stack(0x00000083afc00000,0x00000083afd00000) (1024K)]
  0x00000220eef94d10 JavaThread "JMX server connection timeout 78" daemon [_thread_blocked, id=23632, stack(0x00000083b1700000,0x00000083b1800000) (1024K)]
=>0x00000220f1c25430 JavaThread "ForkJoinPool-1-worker-23"   daemon [_thread_in_Java, id=11636, stack(0x00000083af900000,0x00000083afa00000) (1024K)]
  0x00000220f1c26150 JavaThread "ForkJoinPool-1-worker-24"   daemon [_thread_blocked, id=18392, stack(0x00000083afd00000,0x00000083afe00000) (1024K)]
  0x00000220f1c267e0 JavaThread "ForkJoinPool-1-worker-25"   daemon [_thread_blocked, id=33740, stack(0x00000083b0000000,0x00000083b0100000) (1024K)]
  0x00000220f1c26e70 JavaThread "ForkJoinPool-1-worker-26"   daemon [_thread_blocked, id=14084, stack(0x00000083b0100000,0x00000083b0200000) (1024K)]
  0x00000220f0b531b0 JavaThread "ForkJoinPool-1-worker-28"   daemon [_thread_blocked, id=29284, stack(0x00000083b0200000,0x00000083b0300000) (1024K)]
  0x00000220f1c21fb0 JavaThread "ForkJoinPool.commonPool-worker-8" daemon [_thread_blocked, id=27084, stack(0x00000083b0800000,0x00000083b0900000) (1024K)]
  0x00000220f1c28f40 JavaThread "ForkJoinPool-1-worker-30"   daemon [_thread_blocked, id=21832, stack(0x00000083b0300000,0x00000083b0400000) (1024K)]
  0x00000220eef92c40 JavaThread "Catalina-utility-1"                [_thread_blocked, id=8988, stack(0x00000083ae400000,0x00000083ae500000) (1024K)]
  0x00000220eef932d0 JavaThread "Catalina-utility-2"                [_thread_blocked, id=23700, stack(0x00000083ae500000,0x00000083ae600000) (1024K)]
  0x00000220eef93960 JavaThread "container-0"                       [_thread_blocked, id=22004, stack(0x00000083aea00000,0x00000083aeb00000) (1024K)]
  0x00000220eef93ff0 JavaThread "HikariPool-22 housekeeper"  daemon [_thread_blocked, id=21368, stack(0x00000083af700000,0x00000083af800000) (1024K)]
  0x00000220f1c27500 JavaThread "File Watcher"               daemon [_thread_blocked, id=20712, stack(0x00000083b0600000,0x00000083b0700000) (1024K)]
  0x00000220f1c22cd0 JavaThread "http-nio-8082-Poller"       daemon [_thread_in_native, id=27464, stack(0x00000083b0700000,0x00000083b0800000) (1024K)]
  0x00000220f1c288b0 JavaThread "http-nio-8082-Acceptor"     daemon [_thread_in_native, id=33076, stack(0x00000083b0900000,0x00000083b0a00000) (1024K)]
Total: 42

Other Threads:
  0x000002208e4da140 VMThread "VM Thread"                           [id=29596, stack(0x00000083adb00000,0x00000083adc00000) (1024K)]
  0x00000220a8b809d0 WatcherThread "VM Periodic Task Thread"        [id=14100, stack(0x00000083ada00000,0x00000083adb00000) (1024K)]
  0x000002208e4dac20 WorkerThread "GC Thread#0"                     [id=16784, stack(0x00000083ad500000,0x00000083ad600000) (1024K)]
  0x000002208e4d9a00 WorkerThread "GC Thread#1"                     [id=18820, stack(0x00000083aeb00000,0x00000083aec00000) (1024K)]
  0x00000220ee8add90 WorkerThread "GC Thread#2"                     [id=33264, stack(0x00000083aec00000,0x00000083aed00000) (1024K)]
  0x00000220ee8ae4d0 WorkerThread "GC Thread#3"                     [id=29408, stack(0x00000083aed00000,0x00000083aee00000) (1024K)]
  0x00000220ee8ae130 WorkerThread "GC Thread#4"                     [id=15268, stack(0x00000083aee00000,0x00000083aef00000) (1024K)]
  0x00000220ee8ae870 WorkerThread "GC Thread#5"                     [id=3976, stack(0x00000083aef00000,0x00000083af000000) (1024K)]
  0x00000220ee8acf10 WorkerThread "GC Thread#6"                     [id=33204, stack(0x00000083af000000,0x00000083af100000) (1024K)]
  0x00000220ee8aec10 WorkerThread "GC Thread#7"                     [id=20912, stack(0x00000083af100000,0x00000083af200000) (1024K)]
  0x00000220ee8aefb0 WorkerThread "GC Thread#8"                     [id=13220, stack(0x00000083af200000,0x00000083af300000) (1024K)]
  0x00000220ee8af350 WorkerThread "GC Thread#9"                     [id=33644, stack(0x00000083af300000,0x00000083af400000) (1024K)]
  0x0000022090810430 ConcurrentGCThread "G1 Main Marker"            [id=30744, stack(0x00000083ad600000,0x00000083ad700000) (1024K)]
  0x000002208e4dafc0 WorkerThread "G1 Conc#0"                       [id=33192, stack(0x00000083ad700000,0x00000083ad800000) (1024K)]
  0x00000220ee8afa90 WorkerThread "G1 Conc#1"                       [id=31684, stack(0x00000083afe00000,0x00000083aff00000) (1024K)]
  0x00000220ee8afe30 WorkerThread "G1 Conc#2"                       [id=15804, stack(0x00000083aff00000,0x00000083b0000000) (1024K)]
  0x00000220a5f2c460 ConcurrentGCThread "G1 Refine#0"               [id=23456, stack(0x00000083ad800000,0x00000083ad900000) (1024K)]
  0x00000220a5f2cc80 ConcurrentGCThread "G1 Service"                [id=26928, stack(0x00000083ad900000,0x00000083ada00000) (1024K)]
Total: 18

Threads with active compile tasks:
Total: 0

VM state: not at safepoint (normal execution)

VM Mutex/Monitor currently owned by a thread: None

Heap address: 0x0000000602800000, size: 8152 MB, Compressed Oops mode: Zero based, Oop shift amount: 3

CDS archive(s) mapped at: [0x00000220a9000000-0x00000220a9c90000-0x00000220a9c90000), size 13172736, SharedBaseAddress: 0x00000220a9000000, ArchiveRelocationMode: 1.
Compressed class space mapped at: 0x00000220aa000000-0x00000220ea000000, reserved size: 1073741824
Narrow klass base: 0x00000220a9000000, Narrow klass shift: 0, Narrow klass range: 0x100000000

GC Precious Log:
 CardTable entry size: 512
 Card Set container configuration: InlinePtr #cards 4 size 8 Array Of Cards #cards 32 size 80 Howl #buckets 8 coarsen threshold 7372 Howl Bitmap #cards 1024 size 144 coarsen threshold 921 Card regions per heap region 1 cards per card region 8192
 CPUs: 12 total, 12 available
 Memory: 32594M
 Large Page Support: Disabled
 NUMA Support: Disabled
 Compressed Oops: Enabled (Zero based)
 Heap Region Size: 4M
 Heap Min Capacity: 8M
 Heap Initial Capacity: 512M
 Heap Max Capacity: 8152M
 Pre-touch: Disabled
 Parallel Workers: 10
 Concurrent Workers: 3
 Concurrent Refinement Workers: 10
 Periodic GC: Disabled

Heap:
 garbage-first heap   total 204800K, used 91157K [0x0000000602800000, 0x0000000800000000)
  region size 4096K, 11 young (45056K), 3 survivors (12288K)
 Metaspace       used 97643K, committed 98688K, reserved 1179648K
  class space    used 13061K, committed 13568K, reserved 1048576K

Heap Regions: E=young(eden), S=young(survivor), O=old, HS=humongous(starts), HC=humongous(continues), CS=collection set, F=free, TAMS=top-at-mark-start, PB=parsable bottom
|   0|0x0000000602800000, 0x0000000602c00000, 0x0000000602c00000|100%| O|  |TAMS 0x0000000602800000| PB 0x0000000602800000| Untracked 
|   1|0x0000000602c00000, 0x0000000602fffff0, 0x0000000603000000| 99%| O|  |TAMS 0x0000000602c00000| PB 0x0000000602c00000| Untracked 
|   2|0x0000000603000000, 0x00000006033ffff0, 0x0000000603400000| 99%| O|  |TAMS 0x0000000603000000| PB 0x0000000603000000| Untracked 
|   3|0x0000000603400000, 0x00000006037fffc8, 0x0000000603800000| 99%| O|  |TAMS 0x0000000603400000| PB 0x0000000603400000| Untracked 
|   4|0x0000000603800000, 0x0000000603bffff8, 0x0000000603c00000| 99%| O|  |TAMS 0x0000000603800000| PB 0x0000000603800000| Untracked 
|   5|0x0000000603c00000, 0x0000000604000000, 0x0000000604000000|100%| O|  |TAMS 0x0000000603c00000| PB 0x0000000603c00000| Untracked 
|   6|0x0000000604000000, 0x00000006043ffff8, 0x0000000604400000| 99%| O|  |TAMS 0x0000000604000000| PB 0x0000000604000000| Untracked 
|   7|0x0000000604400000, 0x00000006047ffff0, 0x0000000604800000| 99%| O|  |TAMS 0x0000000604400000| PB 0x0000000604400000| Untracked 
|   8|0x0000000604800000, 0x0000000604c00000, 0x0000000604c00000|100%| O|  |TAMS 0x0000000604800000| PB 0x0000000604800000| Untracked 
|   9|0x0000000604c00000, 0x0000000604ffffa0, 0x0000000605000000| 99%| O|Cm|TAMS 0x0000000604c00000| PB 0x0000000604c00000| Complete 
|  10|0x0000000605000000, 0x00000006053ffff0, 0x0000000605400000| 99%| O|  |TAMS 0x0000000605000000| PB 0x0000000605000000| Untracked 
|  11|0x0000000605400000, 0x000000060563bbe0, 0x0000000605800000| 55%| O|  |TAMS 0x0000000605400000| PB 0x0000000605400000| Untracked 
|  12|0x0000000605800000, 0x0000000605acedf8, 0x0000000605c00000| 70%| O|  |TAMS 0x0000000605800000| PB 0x0000000605800000| Untracked 
|  13|0x0000000605c00000, 0x0000000605e04158, 0x0000000606000000| 50%| O|  |TAMS 0x0000000605c00000| PB 0x0000000605c00000| Untracked 
|  14|0x0000000606000000, 0x0000000606108ff0, 0x0000000606400000| 25%| O|Cm|TAMS 0x0000000606000000| PB 0x0000000606000000| Complete 
|  15|0x0000000606400000, 0x0000000606400000, 0x0000000606800000|  0%| F|  |TAMS 0x0000000606400000| PB 0x0000000606400000| Untracked 
|  16|0x0000000606800000, 0x0000000606800000, 0x0000000606c00000|  0%| F|  |TAMS 0x0000000606800000| PB 0x0000000606800000| Untracked 
|  17|0x0000000606c00000, 0x0000000606fffff8, 0x0000000607000000| 99%| O|Cm|TAMS 0x0000000606c00000| PB 0x0000000606c00000| Complete 
|  18|0x0000000607000000, 0x00000006070eda50, 0x0000000607400000| 23%| S|CS|TAMS 0x0000000607000000| PB 0x0000000607000000| Complete 
|  19|0x0000000607400000, 0x0000000607400000, 0x0000000607800000|  0%| F|  |TAMS 0x0000000607400000| PB 0x0000000607400000| Untracked 
|  20|0x0000000607800000, 0x0000000607800000, 0x0000000607c00000|  0%| F|  |TAMS 0x0000000607800000| PB 0x0000000607800000| Untracked 
|  21|0x0000000607c00000, 0x0000000608000000, 0x0000000608000000|100%| S|CS|TAMS 0x0000000607c00000| PB 0x0000000607c00000| Complete 
|  22|0x0000000608000000, 0x0000000608400000, 0x0000000608400000|100%| S|CS|TAMS 0x0000000608000000| PB 0x0000000608000000| Complete 
|  23|0x0000000608400000, 0x0000000608400000, 0x0000000608800000|  0%| F|  |TAMS 0x0000000608400000| PB 0x0000000608400000| Untracked 
|  24|0x0000000608800000, 0x0000000608800000, 0x0000000608c00000|  0%| F|  |TAMS 0x0000000608800000| PB 0x0000000608800000| Untracked 
|  25|0x0000000608c00000, 0x0000000608c00000, 0x0000000609000000|  0%| F|  |TAMS 0x0000000608c00000| PB 0x0000000608c00000| Untracked 
|  26|0x0000000609000000, 0x0000000609000000, 0x0000000609400000|  0%| F|  |TAMS 0x0000000609000000| PB 0x0000000609000000| Untracked 
|  27|0x0000000609400000, 0x0000000609400000, 0x0000000609800000|  0%| F|  |TAMS 0x0000000609400000| PB 0x0000000609400000| Untracked 
|  28|0x0000000609800000, 0x0000000609800000, 0x0000000609c00000|  0%| F|  |TAMS 0x0000000609800000| PB 0x0000000609800000| Untracked 
|  29|0x0000000609c00000, 0x0000000609c00000, 0x000000060a000000|  0%| F|  |TAMS 0x0000000609c00000| PB 0x0000000609c00000| Untracked 
|  30|0x000000060a000000, 0x000000060a000000, 0x000000060a400000|  0%| F|  |TAMS 0x000000060a000000| PB 0x000000060a000000| Untracked 
|  31|0x000000060a400000, 0x000000060a400000, 0x000000060a800000|  0%| F|  |TAMS 0x000000060a400000| PB 0x000000060a400000| Untracked 
|  32|0x000000060a800000, 0x000000060a800000, 0x000000060ac00000|  0%| F|  |TAMS 0x000000060a800000| PB 0x000000060a800000| Untracked 
|  33|0x000000060ac00000, 0x000000060ac00000, 0x000000060b000000|  0%| F|  |TAMS 0x000000060ac00000| PB 0x000000060ac00000| Untracked 
|  34|0x000000060b000000, 0x000000060b000000, 0x000000060b400000|  0%| F|  |TAMS 0x000000060b000000| PB 0x000000060b000000| Untracked 
|  35|0x000000060b400000, 0x000000060b400000, 0x000000060b800000|  0%| F|  |TAMS 0x000000060b400000| PB 0x000000060b400000| Untracked 
|  36|0x000000060b800000, 0x000000060b800000, 0x000000060bc00000|  0%| F|  |TAMS 0x000000060b800000| PB 0x000000060b800000| Untracked 
|  37|0x000000060bc00000, 0x000000060bc00000, 0x000000060c000000|  0%| F|  |TAMS 0x000000060bc00000| PB 0x000000060bc00000| Untracked 
|  38|0x000000060c000000, 0x000000060c000000, 0x000000060c400000|  0%| F|  |TAMS 0x000000060c000000| PB 0x000000060c000000| Untracked 
|  39|0x000000060c400000, 0x000000060c400000, 0x000000060c800000|  0%| F|  |TAMS 0x000000060c400000| PB 0x000000060c400000| Untracked 
|  40|0x000000060c800000, 0x000000060c800000, 0x000000060cc00000|  0%| F|  |TAMS 0x000000060c800000| PB 0x000000060c800000| Untracked 
|  41|0x000000060cc00000, 0x000000060cc00000, 0x000000060d000000|  0%| F|  |TAMS 0x000000060cc00000| PB 0x000000060cc00000| Untracked 
|  42|0x000000060d000000, 0x000000060d36ad50, 0x000000060d400000| 85%| E|  |TAMS 0x000000060d000000| PB 0x000000060d000000| Complete 
|  43|0x000000060d400000, 0x000000060d800000, 0x000000060d800000|100%| E|  |TAMS 0x000000060d400000| PB 0x000000060d400000| Complete 
|  44|0x000000060d800000, 0x000000060dc00000, 0x000000060dc00000|100%| E|CS|TAMS 0x000000060d800000| PB 0x000000060d800000| Complete 
|  45|0x000000060dc00000, 0x000000060e000000, 0x000000060e000000|100%| E|CS|TAMS 0x000000060dc00000| PB 0x000000060dc00000| Complete 
|  46|0x000000060e000000, 0x000000060e400000, 0x000000060e400000|100%| E|CS|TAMS 0x000000060e000000| PB 0x000000060e000000| Complete 
|  47|0x000000060e400000, 0x000000060e800000, 0x000000060e800000|100%| E|CS|TAMS 0x000000060e400000| PB 0x000000060e400000| Complete 
|  48|0x000000060e800000, 0x000000060ec00000, 0x000000060ec00000|100%| E|CS|TAMS 0x000000060e800000| PB 0x000000060e800000| Complete 
|  49|0x000000060ec00000, 0x000000060f000000, 0x000000060f000000|100%| E|CS|TAMS 0x000000060ec00000| PB 0x000000060ec00000| Complete 

Card table byte_map: [0x000002209cf10000,0x000002209df00000] _byte_map_base: 0x0000022099efc000

Marking Bits: (CMBitMap*) 0x00000220907ffed0
 Bits: [0x000002209df00000, 0x00000220a5e60000)

Polling page: 0x000002208e490000

Metaspace:

Usage:
  Non-class:     82.60 MB used.
      Class:     12.76 MB used.
       Both:     95.35 MB used.

Virtual space:
  Non-class space:      128.00 MB reserved,      83.12 MB ( 65%) committed,  2 nodes.
      Class space:        1.00 GB reserved,      13.25 MB (  1%) committed,  1 nodes.
             Both:        1.12 GB reserved,      96.38 MB (  8%) committed. 

Chunk freelists:
   Non-Class:  12.10 MB
       Class:  2.58 MB
        Both:  14.68 MB

MaxMetaspaceSize: unlimited
CompressedClassSpaceSize: 1.00 GB
Initial GC threshold: 21.00 MB
Current GC threshold: 159.19 MB
CDS: on
 - commit_granule_bytes: 65536.
 - commit_granule_words: 8192.
 - virtual_space_node_default_size: 8388608.
 - enlarge_chunks_in_place: 1.
 - use_allocation_guard: 0.


Internal statistics:

num_allocs_failed_limit: 24.
num_arena_births: 2564.
num_arena_deaths: 1344.
num_vsnodes_births: 3.
num_vsnodes_deaths: 0.
num_space_committed: 1542.
num_space_uncommitted: 0.
num_chunks_returned_to_freelist: 1672.
num_chunks_taken_from_freelist: 7581.
num_chunk_merges: 346.
num_chunk_splits: 4284.
num_chunks_enlarged: 2901.
num_inconsistent_stats: 0.

CodeCache: size=49152Kb used=24587Kb max_used=26231Kb free=24564Kb
 bounds [0x0000022098bf0000, 0x000002209a5b0000, 0x000002209bbf0000]
 total_blobs=12710 nmethods=11971 adapters=662
 compilation: enabled
              stopped_count=0, restarted_count=0
 full_count=0

Compilation events (20 events):
Event: 2490.216 Thread 0x00000220f7191330 nmethod 19840 0x000002209a20b990 code [0x000002209a20bb20, 0x000002209a20bbf0]
Event: 2490.216 Thread 0x00000220f7192e70 19845       1       java.lang.invoke.VarHandleReferences$Array::runtimeTypeCheck (26 bytes)
Event: 2490.216 Thread 0x00000220f7191330 19844       1       org.springframework.util.LinkedCaseInsensitiveMap::getLocale (5 bytes)
Event: 2490.216 Thread 0x00000220f7191330 nmethod 19844 0x000002209a20b690 code [0x000002209a20b820, 0x000002209a20b8f0]
Event: 2490.216 Thread 0x00000220f7191330 19841       1       org.apache.catalina.connector.Request::removeAttribute (66 bytes)
Event: 2490.216 Thread 0x00000220f7191330 nmethod 19841 0x000002209a20b090 code [0x000002209a20b280, 0x000002209a20b4e8]
Event: 2490.216 Thread 0x00000220a6035060 nmethod 19838 0x000002209a209d90 code [0x000002209a20a100, 0x000002209a20aaa0]
Event: 2490.216 Thread 0x00000220f7191330 19827       1       org.apache.tomcat.util.buf.ByteChunk::getCharset (19 bytes)
Event: 2490.216 Thread 0x00000220f7192e70 nmethod 19845 0x000002209a209390 code [0x000002209a2095a0, 0x000002209a209a28]
Event: 2490.216 Thread 0x00000220a6035060 19828       1       org.apache.tomcat.util.buf.MessageBytes::toBytes (145 bytes)
Event: 2490.216 Thread 0x00000220f7192e70 19842       1       org.springframework.http.server.DefaultPathContainer::value (5 bytes)
Event: 2490.216 Thread 0x00000220f7191330 nmethod 19827 0x000002209a209010 code [0x000002209a2091a0, 0x000002209a2092e0]
Event: 2490.216 Thread 0x00000220f7192e70 nmethod 19842 0x000002209a208d10 code [0x000002209a208ea0, 0x000002209a208f70]
Event: 2490.217 Thread 0x00000220a6035060 nmethod 19828 0x000002209a206c10 code [0x000002209a206fc0, 0x000002209a208180]
Event: 2492.834 Thread 0x00000220a6035060 19846       1       org.apache.catalina.core.ContainerBase::getBackgroundProcessorDelay (5 bytes)
Event: 2492.834 Thread 0x00000220a6035060 nmethod 19846 0x000002209a206910 code [0x000002209a206aa0, 0x000002209a206b68]
Event: 2522.850 Thread 0x00000220a6035060 19847       1       org.apache.catalina.core.StandardPipeline::getFirst (17 bytes)
Event: 2522.851 Thread 0x00000220a6035060 nmethod 19847 0x000002209a206610 code [0x000002209a2067a0, 0x000002209a2068a8]
Event: 2562.895 Thread 0x00000220a6035060 19848       1       org.apache.catalina.valves.ValveBase::backgroundProcess (1 bytes)
Event: 2562.895 Thread 0x00000220a6035060 nmethod 19848 0x000002209a206310 code [0x000002209a2064a0, 0x000002209a206568]

GC Heap History (20 events):
Event: 2324.188 GC heap before
{Heap before GC invocations=91 (full 17):
 garbage-first heap   total 204800K, used 164266K [0x0000000602800000, 0x0000000800000000)
  region size 4096K, 26 young (106496K), 2 survivors (8192K)
 Metaspace       used 93671K, committed 94720K, reserved 1179648K
  class space    used 12751K, committed 13248K, reserved 1048576K
}
Event: 2324.263 GC heap after
{Heap after GC invocations=92 (full 18):
 garbage-first heap   total 204800K, used 63869K [0x0000000602800000, 0x0000000800000000)
  region size 4096K, 0 young (0K), 0 survivors (0K)
 Metaspace       used 93665K, committed 94720K, reserved 1179648K
  class space    used 12750K, committed 13248K, reserved 1048576K
}
Event: 2325.015 GC heap before
{Heap before GC invocations=92 (full 18):
 garbage-first heap   total 204800K, used 174461K [0x0000000602800000, 0x0000000800000000)
  region size 4096K, 28 young (114688K), 0 survivors (0K)
 Metaspace       used 93873K, committed 94912K, reserved 1179648K
  class space    used 12774K, committed 13248K, reserved 1048576K
}
Event: 2325.019 GC heap after
{Heap after GC invocations=93 (full 18):
 garbage-first heap   total 204800K, used 70171K [0x0000000602800000, 0x0000000800000000)
  region size 4096K, 2 young (8192K), 2 survivors (8192K)
 Metaspace       used 93873K, committed 94912K, reserved 1179648K
  class space    used 12774K, committed 13248K, reserved 1048576K
}
Event: 2347.224 GC heap before
{Heap before GC invocations=94 (full 18):
 garbage-first heap   total 204800K, used 164379K [0x0000000602800000, 0x0000000800000000)
  region size 4096K, 26 young (106496K), 2 survivors (8192K)
 Metaspace       used 94549K, committed 95552K, reserved 1179648K
  class space    used 12810K, committed 13312K, reserved 1048576K
}
Event: 2347.309 GC heap after
{Heap after GC invocations=95 (full 19):
 garbage-first heap   total 204800K, used 68168K [0x0000000602800000, 0x0000000800000000)
  region size 4096K, 0 young (0K), 0 survivors (0K)
 Metaspace       used 94549K, committed 95552K, reserved 1179648K
  class space    used 12810K, committed 13312K, reserved 1048576K
}
Event: 2348.040 GC heap before
{Heap before GC invocations=95 (full 19):
 garbage-first heap   total 204800K, used 174664K [0x0000000602800000, 0x0000000800000000)
  region size 4096K, 27 young (110592K), 0 survivors (0K)
 Metaspace       used 94757K, committed 95744K, reserved 1179648K
  class space    used 12834K, committed 13312K, reserved 1048576K
}
Event: 2348.043 GC heap after
{Heap after GC invocations=96 (full 19):
 garbage-first heap   total 204800K, used 74455K [0x0000000602800000, 0x0000000800000000)
  region size 4096K, 2 young (8192K), 2 survivors (8192K)
 Metaspace       used 94757K, committed 95744K, reserved 1179648K
  class space    used 12834K, committed 13312K, reserved 1048576K
}
Event: 2353.925 GC heap before
{Heap before GC invocations=97 (full 19):
 garbage-first heap   total 204800K, used 168663K [0x0000000602800000, 0x0000000800000000)
  region size 4096K, 26 young (106496K), 2 survivors (8192K)
 Metaspace       used 95011K, committed 96064K, reserved 1179648K
  class space    used 12860K, committed 13376K, reserved 1048576K
}
Event: 2353.930 GC heap after
{Heap after GC invocations=98 (full 19):
 garbage-first heap   total 204800K, used 76863K [0x0000000602800000, 0x0000000800000000)
  region size 4096K, 3 young (12288K), 3 survivors (12288K)
 Metaspace       used 95011K, committed 96064K, reserved 1179648K
  class space    used 12860K, committed 13376K, reserved 1048576K
}
Event: 2432.866 GC heap before
{Heap before GC invocations=98 (full 19):
 garbage-first heap   total 204800K, used 126015K [0x0000000602800000, 0x0000000800000000)
  region size 4096K, 16 young (65536K), 3 survivors (12288K)
 Metaspace       used 95578K, committed 96640K, reserved 1179648K
  class space    used 12929K, committed 13440K, reserved 1048576K
}
Event: 2432.944 GC heap after
{Heap after GC invocations=99 (full 20):
 garbage-first heap   total 204800K, used 57571K [0x0000000602800000, 0x0000000800000000)
  region size 4096K, 0 young (0K), 0 survivors (0K)
 Metaspace       used 95568K, committed 96640K, reserved 1179648K
  class space    used 12928K, committed 13440K, reserved 1048576K
}
Event: 2433.731 GC heap before
{Heap before GC invocations=99 (full 20):
 garbage-first heap   total 204800K, used 176355K [0x0000000602800000, 0x0000000800000000)
  region size 4096K, 30 young (122880K), 0 survivors (0K)
 Metaspace       used 95853K, committed 96896K, reserved 1179648K
  class space    used 12964K, committed 13440K, reserved 1048576K
}
Event: 2433.735 GC heap after
{Heap after GC invocations=100 (full 20):
 garbage-first heap   total 204800K, used 64600K [0x0000000602800000, 0x0000000800000000)
  region size 4096K, 2 young (8192K), 2 survivors (8192K)
 Metaspace       used 95853K, committed 96896K, reserved 1179648K
  class space    used 12964K, committed 13440K, reserved 1048576K
}
Event: 2462.045 GC heap before
{Heap before GC invocations=101 (full 20):
 garbage-first heap   total 204800K, used 154712K [0x0000000602800000, 0x0000000800000000)
  region size 4096K, 25 young (102400K), 2 survivors (8192K)
 Metaspace       used 96476K, committed 97536K, reserved 1179648K
  class space    used 12981K, committed 13504K, reserved 1048576K
}
Event: 2462.124 GC heap after
{Heap after GC invocations=102 (full 21):
 garbage-first heap   total 204800K, used 57438K [0x0000000602800000, 0x0000000800000000)
  region size 4096K, 0 young (0K), 0 survivors (0K)
 Metaspace       used 96476K, committed 97536K, reserved 1179648K
  class space    used 12981K, committed 13504K, reserved 1048576K
}
Event: 2462.909 GC heap before
{Heap before GC invocations=102 (full 21):
 garbage-first heap   total 204800K, used 172126K [0x0000000602800000, 0x0000000800000000)
  region size 4096K, 29 young (118784K), 0 survivors (0K)
 Metaspace       used 96727K, committed 97792K, reserved 1179648K
  class space    used 13012K, committed 13504K, reserved 1048576K
}
Event: 2462.912 GC heap after
{Heap after GC invocations=103 (full 21):
 garbage-first heap   total 204800K, used 63879K [0x0000000602800000, 0x0000000800000000)
  region size 4096K, 2 young (8192K), 2 survivors (8192K)
 Metaspace       used 96727K, committed 97792K, reserved 1179648K
  class space    used 13012K, committed 13504K, reserved 1048576K
}
Event: 2466.977 GC heap before
{Heap before GC invocations=104 (full 21):
 garbage-first heap   total 204800K, used 170375K [0x0000000602800000, 0x0000000800000000)
  region size 4096K, 29 young (118784K), 2 survivors (8192K)
 Metaspace       used 96989K, committed 98048K, reserved 1179648K
  class space    used 13039K, committed 13568K, reserved 1048576K
}
Event: 2466.982 GC heap after
{Heap after GC invocations=105 (full 21):
 garbage-first heap   total 204800K, used 66581K [0x0000000602800000, 0x0000000800000000)
  region size 4096K, 3 young (12288K), 3 survivors (12288K)
 Metaspace       used 96989K, committed 98048K, reserved 1179648K
  class space    used 13039K, committed 13568K, reserved 1048576K
}

Dll operation events (12 events):
Event: 0.069 Loaded shared library D:\jdk21\bin\java.dll
Event: 0.316 Loaded shared library D:\jdk21\bin\zip.dll
Event: 0.320 Loaded shared library D:\jdk21\bin\instrument.dll
Event: 0.356 Loaded shared library D:\jdk21\bin\net.dll
Event: 0.367 Loaded shared library D:\jdk21\bin\nio.dll
Event: 0.371 Loaded shared library D:\jdk21\bin\zip.dll
Event: 0.518 Loaded shared library D:\jdk21\bin\jimage.dll
Event: 0.560 Loaded shared library D:\jdk21\bin\management.dll
Event: 0.574 Loaded shared library D:\jdk21\bin\management_ext.dll
Event: 0.844 Loaded shared library D:\jdk21\bin\extnet.dll
Event: 0.871 Loaded shared library D:\jdk21\bin\verify.dll
Event: 1.802 Loaded shared library D:\jdk21\bin\sunmscapi.dll

Deoptimization events (20 events):
Event: 2472.780 Thread 0x00000220f1c25430 DEOPT PACKING pc=0x00000220994253ac sp=0x00000083af9fd350
Event: 2472.780 Thread 0x00000220f1c25430 DEOPT UNPACKING pc=0x0000022098c44e42 sp=0x00000083af9fc910 mode 1
Event: 2493.804 Thread 0x00000220f1c25430 DEOPT PACKING pc=0x00000220993158e4 sp=0x00000083af9feca0
Event: 2493.804 Thread 0x00000220f1c25430 DEOPT UNPACKING pc=0x0000022098c44e42 sp=0x00000083af9fe240 mode 0
Event: 2493.804 Thread 0x00000220f1c25430 DEOPT PACKING pc=0x0000022099c6aa0c sp=0x00000083af9fee00
Event: 2493.804 Thread 0x00000220f1c25430 DEOPT UNPACKING pc=0x0000022098c44e42 sp=0x00000083af9fe2e0 mode 0
Event: 2493.804 Thread 0x00000220f1c25430 DEOPT PACKING pc=0x0000022099e8ea14 sp=0x00000083af9fee90
Event: 2493.804 Thread 0x00000220f1c25430 DEOPT UNPACKING pc=0x0000022098c44e42 sp=0x00000083af9fe320 mode 0
Event: 2493.804 Thread 0x00000220f1c25430 DEOPT PACKING pc=0x000002209930d29c sp=0x00000083af9feec0
Event: 2493.804 Thread 0x00000220f1c25430 DEOPT UNPACKING pc=0x0000022098c44e42 sp=0x00000083af9fe350 mode 0
Event: 2493.804 Thread 0x00000220f1c25430 DEOPT PACKING pc=0x000002209974ebd4 sp=0x00000083af9feef0
Event: 2493.804 Thread 0x00000220f1c25430 DEOPT UNPACKING pc=0x0000022098c44e42 sp=0x00000083af9fe448 mode 0
Event: 2493.804 Thread 0x00000220f1c25430 DEOPT PACKING pc=0x0000022099c6c164 sp=0x00000083af9ff000
Event: 2493.804 Thread 0x00000220f1c25430 DEOPT UNPACKING pc=0x0000022098c44e42 sp=0x00000083af9fe4d8 mode 0
Event: 2493.804 Thread 0x00000220f1c25430 DEOPT PACKING pc=0x00000220997d83dc sp=0x00000083af9ff0a0
Event: 2493.804 Thread 0x00000220f1c25430 DEOPT UNPACKING pc=0x0000022098c44e42 sp=0x00000083af9fe558 mode 0
Event: 2493.804 Thread 0x00000220f1c25430 DEOPT PACKING pc=0x000002209a3a0bdc sp=0x00000083af9ff180
Event: 2493.804 Thread 0x00000220f1c25430 DEOPT UNPACKING pc=0x0000022098c44e42 sp=0x00000083af9fe668 mode 0
Event: 2570.249 Thread 0x00000220f1c25430 DEOPT PACKING pc=0x0000022099d15bbc sp=0x00000083af9febe0
Event: 2570.249 Thread 0x00000220f1c25430 DEOPT UNPACKING pc=0x0000022098c44e42 sp=0x00000083af9fe088 mode 0

Classes loaded (20 events):
Event: 351.341 Loading class java/util/concurrent/locks/AbstractQueuedSynchronizer$SharedNode
Event: 351.341 Loading class java/util/concurrent/locks/AbstractQueuedSynchronizer$SharedNode done
Event: 351.342 Loading class javax/management/NotificationBroadcasterSupport$WildcardListenerInfo
Event: 351.342 Loading class javax/management/NotificationBroadcasterSupport$WildcardListenerInfo done
Event: 351.357 Loading class java/util/WeakHashMap$KeyIterator
Event: 351.357 Loading class java/util/WeakHashMap$HashIterator
Event: 351.357 Loading class java/util/WeakHashMap$HashIterator done
Event: 351.357 Loading class java/util/WeakHashMap$KeyIterator done
Event: 351.411 Loading class java/lang/ref/Finalizer$2
Event: 351.411 Loading class java/lang/ref/Finalizer$2 done
Event: 351.411 Loading class java/lang/ref/Finalizer$1
Event: 351.411 Loading class java/lang/ref/Finalizer$1 done
Event: 351.989 Loading class java/util/WeakHashMap$EntrySet
Event: 351.989 Loading class java/util/WeakHashMap$EntrySet done
Event: 351.989 Loading class java/util/WeakHashMap$EntryIterator
Event: 351.989 Loading class java/util/WeakHashMap$EntryIterator done
Event: 355.111 Loading class java/time/DurationEditor
Event: 355.111 Loading class java/time/DurationEditor done
Event: 2140.802 Loading class java/time/DurationEditor
Event: 2140.802 Loading class java/time/DurationEditor done

Classes unloaded (20 events):
Event: 2432.887 Thread 0x000002208e4da140 Unloading class 0x00000220aad30400 'jdk/internal/reflect/GeneratedSerializationConstructorAccessor84'
Event: 2433.764 Thread 0x000002208e4da140 Unloading class 0x00000220aa5c0400 'jdk/internal/reflect/GeneratedSerializationConstructorAccessor79'
Event: 2433.764 Thread 0x000002208e4da140 Unloading class 0x00000220aa5a8000 'org/apache/catalina/loader/JdbcLeakPrevention'
Event: 2433.764 Thread 0x000002208e4da140 Unloading class 0x00000220aacf2000 'java/lang/invoke/LambdaForm$MH+0x00000220aacf2000'
Event: 2433.764 Thread 0x000002208e4da140 Unloading class 0x00000220aacf1c00 'java/lang/invoke/LambdaForm$MH+0x00000220aacf1c00'
Event: 2433.764 Thread 0x000002208e4da140 Unloading class 0x00000220aacf1800 'java/lang/invoke/LambdaForm$MH+0x00000220aacf1800'
Event: 2433.764 Thread 0x000002208e4da140 Unloading class 0x00000220aace3400 'java/lang/invoke/LambdaForm$MH+0x00000220aace3400'
Event: 2433.764 Thread 0x000002208e4da140 Unloading class 0x00000220aace3000 'java/lang/invoke/LambdaForm$MH+0x00000220aace3000'
Event: 2433.764 Thread 0x000002208e4da140 Unloading class 0x00000220aace2000 'java/lang/invoke/LambdaForm$MH+0x00000220aace2000'
Event: 2433.764 Thread 0x000002208e4da140 Unloading class 0x00000220aaca2800 'java/lang/invoke/LambdaForm$MH+0x00000220aaca2800'
Event: 2433.764 Thread 0x000002208e4da140 Unloading class 0x00000220aaa0e000 'java/lang/invoke/LambdaForm$MH+0x00000220aaa0e000'
Event: 2433.764 Thread 0x000002208e4da140 Unloading class 0x00000220aa7a9400 'java/lang/invoke/LambdaForm$MH+0x00000220aa7a9400'
Event: 2433.764 Thread 0x000002208e4da140 Unloading class 0x00000220aa56d800 'java/lang/invoke/LambdaForm$MH+0x00000220aa56d800'
Event: 2433.764 Thread 0x000002208e4da140 Unloading class 0x00000220aa1e0800 'java/lang/invoke/LambdaForm$MH+0x00000220aa1e0800'
Event: 2462.941 Thread 0x000002208e4da140 Unloading class 0x00000220aad24400 'jdk/internal/reflect/GeneratedSerializationConstructorAccessor82'
Event: 2462.941 Thread 0x000002208e4da140 Unloading class 0x00000220aad24800 'org/apache/catalina/loader/JdbcLeakPrevention'
Event: 2462.941 Thread 0x000002208e4da140 Unloading class 0x00000220aad14400 'jdk/internal/reflect/GeneratedSerializationConstructorAccessor81'
Event: 2462.941 Thread 0x000002208e4da140 Unloading class 0x00000220aad14800 'org/apache/catalina/loader/JdbcLeakPrevention'
Event: 2462.941 Thread 0x000002208e4da140 Unloading class 0x00000220aad04000 'jdk/internal/reflect/GeneratedSerializationConstructorAccessor80'
Event: 2462.941 Thread 0x000002208e4da140 Unloading class 0x00000220aad04800 'org/apache/catalina/loader/JdbcLeakPrevention'

Classes redefined (20 events):
Event: 2570.308 Thread 0x000002208e4da140 redefined class name=com.tuanna.ojt.api.service.impl.StudentServiceImpl, count=19
Event: 2570.308 Thread 0x000002208e4da140 redefined class name=com.tuanna.ojt.api.service.impl.StudentServiceImpl, count=6
Event: 2570.308 Thread 0x000002208e4da140 redefined class name=com.tuanna.ojt.api.service.impl.StudentServiceImpl, count=8
Event: 2570.308 Thread 0x000002208e4da140 redefined class name=com.tuanna.ojt.api.service.impl.StudentServiceImpl, count=21
Event: 2570.308 Thread 0x000002208e4da140 redefined class name=com.tuanna.ojt.api.service.impl.StudentServiceImpl, count=12
Event: 2570.308 Thread 0x000002208e4da140 redefined class name=com.tuanna.ojt.api.service.impl.StudentServiceImpl, count=15
Event: 2570.308 Thread 0x000002208e4da140 redefined class name=com.tuanna.ojt.api.service.impl.StudentServiceImpl, count=20
Event: 2570.308 Thread 0x000002208e4da140 redefined class name=com.tuanna.ojt.api.service.impl.StudentServiceImpl, count=2
Event: 2570.308 Thread 0x000002208e4da140 redefined class name=com.tuanna.ojt.api.service.impl.StudentServiceImpl, count=3
Event: 2570.308 Thread 0x000002208e4da140 redefined class name=com.tuanna.ojt.api.service.impl.StudentServiceImpl, count=7
Event: 2570.308 Thread 0x000002208e4da140 redefined class name=com.tuanna.ojt.api.service.impl.StudentServiceImpl, count=9
Event: 2570.308 Thread 0x000002208e4da140 redefined class name=com.tuanna.ojt.api.service.impl.StudentServiceImpl, count=16
Event: 2570.308 Thread 0x000002208e4da140 redefined class name=com.tuanna.ojt.api.service.impl.StudentServiceImpl, count=22
Event: 2570.308 Thread 0x000002208e4da140 redefined class name=com.tuanna.ojt.api.service.impl.StudentServiceImpl, count=4
Event: 2570.308 Thread 0x000002208e4da140 redefined class name=com.tuanna.ojt.api.service.impl.StudentServiceImpl, count=10
Event: 2570.308 Thread 0x000002208e4da140 redefined class name=com.tuanna.ojt.api.service.impl.StudentServiceImpl, count=5
Event: 2570.308 Thread 0x000002208e4da140 redefined class name=com.tuanna.ojt.api.service.impl.StudentServiceImpl, count=16
Event: 2570.308 Thread 0x000002208e4da140 redefined class name=com.tuanna.ojt.api.service.impl.StudentServiceImpl, count=13
Event: 2570.308 Thread 0x000002208e4da140 redefined class name=com.tuanna.ojt.api.service.impl.StudentServiceImpl, count=11
Event: 2570.308 Thread 0x000002208e4da140 redefined class name=com.tuanna.ojt.api.service.impl.StudentServiceImpl, count=18

Internal exceptions (20 events):
Event: 2433.522 Thread 0x00000220f1c27500 Exception <a 'java/io/FileNotFoundException'{0x000000060a290e38}> (0x000000060a290e38) 
thrown [s\open\src\hotspot\share\prims\jni.cpp, line 520]
Event: 2433.523 Thread 0x00000220f1c27500 Exception <a 'java/io/FileNotFoundException'{0x000000060a292048}> (0x000000060a292048) 
thrown [s\open\src\hotspot\share\prims\jni.cpp, line 520]
Event: 2433.523 Thread 0x00000220f1c27500 Exception <a 'java/io/FileNotFoundException'{0x000000060a2932a0}> (0x000000060a2932a0) 
thrown [s\open\src\hotspot\share\prims\jni.cpp, line 520]
Event: 2433.603 Thread 0x00000220f1c27500 Exception <a 'java/io/FileNotFoundException'{0x000000060924a3e0}> (0x000000060924a3e0) 
thrown [s\open\src\hotspot\share\prims\jni.cpp, line 520]
Event: 2462.044 Thread 0x00000220f1c288b0 Exception <a 'java/lang/InterruptedException'{0x00000006094a4618}: sleep interrupted> (0x00000006094a4618) 
thrown [s\open\src\hotspot\share\prims\jvm.cpp, line 3074]
Event: 2462.137 Thread 0x00000220eef91f20 Exception <a 'sun/nio/fs/WindowsException'{0x000000060ecc5148}> (0x000000060ecc5148) 
thrown [s\open\src\hotspot\share\prims\jni.cpp, line 520]
Event: 2462.584 Thread 0x00000220eef91f20 Exception <a 'java/lang/NoClassDefFoundError'{0x000000060b8dc810}: org/flywaydb/core/Flyway> (0x000000060b8dc810) 
thrown [s\open\src\hotspot\share\oops\constantPool.cpp, line 873]
Event: 2462.585 Thread 0x00000220eef91f20 Exception <a 'java/lang/NoClassDefFoundError'{0x000000060b8dce70}: liquibase/integration/spring/SpringLiquibase> (0x000000060b8dce70) 
thrown [s\open\src\hotspot\share\oops\constantPool.cpp, line 873]
Event: 2462.588 Thread 0x00000220eef91f20 Exception <a 'java/lang/NoClassDefFoundError'{0x000000060b903118}: org/springframework/batch/core/repository/JobRepository> (0x000000060b903118) 
thrown [s\open\src\hotspot\share\oops\constantPool.cpp, line 873]
Event: 2462.589 Thread 0x00000220eef91f20 Exception <a 'java/lang/NoClassDefFoundError'{0x000000060b903770}: org/quartz/Scheduler> (0x000000060b903770) 
thrown [s\open\src\hotspot\share\oops\constantPool.cpp, line 873]
Event: 2462.589 Thread 0x00000220eef91f20 Exception <a 'java/lang/NoClassDefFoundError'{0x000000060b903df0}: org/springframework/session/jdbc/JdbcIndexedSessionRepository> (0x000000060b903df0) 
thrown [s\open\src\hotspot\share\oops\constantPool.cpp, line 873]
Event: 2462.594 Thread 0x00000220eef91f20 Exception <a 'java/lang/NoClassDefFoundError'{0x000000060b98b8c0}: org/jooq/DSLContext> (0x000000060b98b8c0) 
thrown [s\open\src\hotspot\share\oops\constantPool.cpp, line 873]
Event: 2462.609 Thread 0x00000220eef91f20 Exception <a 'java/lang/ArrayIndexOutOfBoundsException'{0x000000060bb1e310}> (0x000000060bb1e310) 
thrown [s\open\src\hotspot\share\runtime\sharedRuntime.cpp, line 625]
Event: 2462.609 Thread 0x00000220eef91f20 Exception <a 'java/lang/ArrayIndexOutOfBoundsException'{0x000000060bb1eb98}> (0x000000060bb1eb98) 
thrown [s\open\src\hotspot\share\runtime\sharedRuntime.cpp, line 625]
Event: 2462.611 Thread 0x00000220eef91f20 Exception <a 'java/lang/ArrayIndexOutOfBoundsException'{0x000000060bb67678}> (0x000000060bb67678) 
thrown [s\open\src\hotspot\share\runtime\sharedRuntime.cpp, line 625]
Event: 2462.611 Thread 0x00000220eef91f20 Exception <a 'java/lang/ArrayIndexOutOfBoundsException'{0x000000060bb67f00}> (0x000000060bb67f00) 
thrown [s\open\src\hotspot\share\runtime\sharedRuntime.cpp, line 625]
Event: 2462.722 Thread 0x00000220eef91f20 Exception <a 'java/io/FileNotFoundException'{0x000000060a29d980}> (0x000000060a29d980) 
thrown [s\open\src\hotspot\share\prims\jni.cpp, line 520]
Event: 2462.723 Thread 0x00000220eef91f20 Exception <a 'java/io/FileNotFoundException'{0x000000060a29eb90}> (0x000000060a29eb90) 
thrown [s\open\src\hotspot\share\prims\jni.cpp, line 520]
Event: 2462.723 Thread 0x00000220eef91f20 Exception <a 'java/io/FileNotFoundException'{0x000000060a29fde8}> (0x000000060a29fde8) 
thrown [s\open\src\hotspot\share\prims\jni.cpp, line 520]
Event: 2462.801 Thread 0x00000220eef91f20 Exception <a 'java/io/FileNotFoundException'{0x0000000609259368}> (0x0000000609259368) 
thrown [s\open\src\hotspot\share\prims\jni.cpp, line 520]

ZGC Phase Switch (0 events):
No events

VM Operations (20 events):
Event: 2570.676 Executing VM operation: ChangeBreakpoints
Event: 2570.679 Executing VM operation: ChangeBreakpoints done
Event: 2570.681 Executing VM operation: ChangeBreakpoints
Event: 2570.684 Executing VM operation: ChangeBreakpoints done
Event: 2570.686 Executing VM operation: ChangeBreakpoints
Event: 2570.690 Executing VM operation: ChangeBreakpoints done
Event: 2570.692 Executing VM operation: ChangeBreakpoints
Event: 2570.695 Executing VM operation: ChangeBreakpoints done
Event: 2570.697 Executing VM operation: ChangeBreakpoints
Event: 2570.700 Executing VM operation: ChangeBreakpoints done
Event: 2570.702 Executing VM operation: ChangeBreakpoints
Event: 2570.706 Executing VM operation: ChangeBreakpoints done
Event: 2570.707 Executing VM operation: ChangeBreakpoints
Event: 2570.711 Executing VM operation: ChangeBreakpoints done
Event: 2570.713 Executing VM operation: ChangeBreakpoints
Event: 2570.718 Executing VM operation: ChangeBreakpoints done
Event: 2570.720 Executing VM operation: ChangeBreakpoints
Event: 2570.724 Executing VM operation: ChangeBreakpoints done
Event: 2570.729 Executing VM operation: ChangeSingleStep
Event: 2570.729 Executing VM operation: ChangeSingleStep done

Events (20 events):
Event: 2462.993 Thread 0x00000220eef94680 Thread added: 0x00000220eef94680
Event: 2463.093 Thread 0x00000220f1c27500 Thread added: 0x00000220f1c27500
Event: 2463.174 Thread 0x00000220f1c22cd0 Thread added: 0x00000220f1c22cd0
Event: 2463.174 Thread 0x00000220f1c288b0 Thread added: 0x00000220f1c288b0
Event: 2463.340 Thread 0x00000220eef91f20 Thread exited: 0x00000220eef91f20
Event: 2463.340 Thread 0x00000220eef953a0 Thread exited: 0x00000220eef953a0
Event: 2466.983 Thread 0x00000220f2297500 Thread added: 0x00000220f2297500
Event: 2466.983 Thread 0x00000220f2299040 Thread added: 0x00000220f2299040
Event: 2467.048 Thread 0x00000220f7191a00 Thread added: 0x00000220f7191a00
Event: 2468.564 Thread 0x00000220eef94680 Thread exited: 0x00000220eef94680
Event: 2468.564 Thread 0x00000220f7191a00 Thread exited: 0x00000220f7191a00
Event: 2472.729 Thread 0x00000220f7190c60 Thread added: 0x00000220f7190c60
Event: 2477.910 Thread 0x00000220f7190c60 Thread exited: 0x00000220f7190c60
Event: 2482.917 Thread 0x00000220f2297500 Thread exited: 0x00000220f2297500
Event: 2482.917 Thread 0x00000220f2299040 Thread exited: 0x00000220f2299040
Event: 2490.214 Thread 0x00000220f7191330 Thread added: 0x00000220f7191330
Event: 2490.214 Thread 0x00000220f7192e70 Thread added: 0x00000220f7192e70
Event: 2492.834 Thread 0x00000220f7192e70 Thread exited: 0x00000220f7192e70
Event: 2492.834 Thread 0x00000220f7191330 Thread exited: 0x00000220f7191330
Event: 2523.037 Thread 0x00000220f1c24080 Thread exited: 0x00000220f1c24080


Dynamic libraries:
0x00007ff6b6030000 - 0x00007ff6b6040000 	D:\jdk21\bin\javaw.exe
0x00007ffb359b0000 - 0x00007ffb35bc7000 	C:\WINDOWS\SYSTEM32\ntdll.dll
0x00007ffb350f0000 - 0x00007ffb351b4000 	C:\WINDOWS\System32\KERNEL32.DLL
0x00007ffb33330000 - 0x00007ffb336d7000 	C:\WINDOWS\System32\KERNELBASE.dll
0x00007ffb330a0000 - 0x00007ffb331b1000 	C:\WINDOWS\System32\ucrtbase.dll
0x00007ffb1dd80000 - 0x00007ffb1dd9b000 	D:\jdk21\bin\VCRUNTIME140.dll
0x00007ffad6d40000 - 0x00007ffad6d59000 	D:\jdk21\bin\jli.dll
0x00007ffb336e0000 - 0x00007ffb33792000 	C:\WINDOWS\System32\ADVAPI32.dll
0x00007ffb35270000 - 0x00007ffb35317000 	C:\WINDOWS\System32\msvcrt.dll
0x00007ffb341c0000 - 0x00007ffb34268000 	C:\WINDOWS\System32\sechost.dll
0x00007ffb32cd0000 - 0x00007ffb32cf8000 	C:\WINDOWS\System32\bcrypt.dll
0x00007ffb35320000 - 0x00007ffb35435000 	C:\WINDOWS\System32\RPCRT4.dll
0x00007ffb337c0000 - 0x00007ffb3396e000 	C:\WINDOWS\System32\USER32.dll
0x00007ffb32d00000 - 0x00007ffb32d26000 	C:\WINDOWS\System32\win32u.dll
0x00007ffb355b0000 - 0x00007ffb355d9000 	C:\WINDOWS\System32\GDI32.dll
0x00007ffb32f80000 - 0x00007ffb33099000 	C:\WINDOWS\System32\gdi32full.dll
0x00007ffb32d30000 - 0x00007ffb32dca000 	C:\WINDOWS\System32\msvcp_win.dll
0x00007ffb17c70000 - 0x00007ffb17f03000 	C:\WINDOWS\WinSxS\amd64_microsoft.windows.common-controls_6595b64144ccf1df_6.0.22621.3527_none_270e469b73872a76\COMCTL32.dll
0x00007ffb273c0000 - 0x00007ffb273ca000 	C:\WINDOWS\SYSTEM32\VERSION.dll
0x00007ffb340f0000 - 0x00007ffb34121000 	C:\WINDOWS\System32\IMM32.DLL
0x00007ffb1d4f0000 - 0x00007ffb1d4fc000 	D:\jdk21\bin\vcruntime140_1.dll
0x00007ffb1d460000 - 0x00007ffb1d4ee000 	D:\jdk21\bin\msvcp140.dll
0x00007ffa76fe0000 - 0x00007ffa77ced000 	D:\jdk21\bin\server\jvm.dll
0x00007ffb34eb0000 - 0x00007ffb34f21000 	C:\WINDOWS\System32\WS2_32.dll
0x00007ffb32930000 - 0x00007ffb3297d000 	C:\WINDOWS\SYSTEM32\POWRPROF.dll
0x00007ffb1a510000 - 0x00007ffb1a544000 	C:\WINDOWS\SYSTEM32\WINMM.dll
0x00007ffb32890000 - 0x00007ffb328a3000 	C:\WINDOWS\SYSTEM32\UMPDC.dll
0x00007ffb31bc0000 - 0x00007ffb31bd8000 	C:\WINDOWS\SYSTEM32\kernel.appcore.dll
0x00007ffb05d10000 - 0x00007ffb05d1a000 	D:\jdk21\bin\jimage.dll
0x00007ffb1c1c0000 - 0x00007ffb1c3f2000 	C:\WINDOWS\SYSTEM32\DBGHELP.DLL
0x00007ffb355e0000 - 0x00007ffb35968000 	C:\WINDOWS\System32\combase.dll
0x00007ffb33a70000 - 0x00007ffb33b47000 	C:\WINDOWS\System32\OLEAUT32.dll
0x00007ffb25ff0000 - 0x00007ffb26022000 	C:\WINDOWS\SYSTEM32\dbgcore.DLL
0x00007ffb32f00000 - 0x00007ffb32f79000 	C:\WINDOWS\System32\bcryptPrimitives.dll
0x00007ffb1da30000 - 0x00007ffb1da6c000 	D:\jdk21\bin\jdwp.dll
0x00007ffb04440000 - 0x00007ffb0444f000 	D:\jdk21\bin\instrument.dll
0x00007ffacfcf0000 - 0x00007ffacfd0f000 	D:\jdk21\bin\java.dll
0x00007ffb345f0000 - 0x00007ffb34e4c000 	C:\WINDOWS\System32\SHELL32.dll
0x00007ffb309f0000 - 0x00007ffb312e6000 	C:\WINDOWS\SYSTEM32\windows.storage.dll
0x00007ffb30800000 - 0x00007ffb3093e000 	C:\WINDOWS\SYSTEM32\wintypes.dll
0x00007ffb33970000 - 0x00007ffb33a65000 	C:\WINDOWS\System32\SHCORE.dll
0x00007ffb34590000 - 0x00007ffb345ee000 	C:\WINDOWS\System32\shlwapi.dll
0x00007ffb32c00000 - 0x00007ffb32c21000 	C:\WINDOWS\SYSTEM32\profapi.dll
0x00007ffb2e320000 - 0x00007ffb2e32c000 	D:\jdk21\bin\dt_socket.dll
0x00007ffb31410000 - 0x00007ffb3143d000 	C:\WINDOWS\SYSTEM32\IPHLPAPI.DLL
0x00007ffb32160000 - 0x00007ffb321c9000 	C:\WINDOWS\system32\mswsock.dll
0x00007ffb31470000 - 0x00007ffb31568000 	C:\WINDOWS\SYSTEM32\DNSAPI.dll
0x00007ffb34270000 - 0x00007ffb34279000 	C:\WINDOWS\System32\NSI.dll
0x00007ffb2a7c0000 - 0x00007ffb2a7ca000 	C:\Windows\System32\rasadhlp.dll
0x00007ffb2bfd0000 - 0x00007ffb2c053000 	C:\WINDOWS\System32\fwpuclnt.dll
0x00007ffac88c0000 - 0x00007ffac88d8000 	D:\jdk21\bin\zip.dll
0x00007ffb02f60000 - 0x00007ffb02f70000 	D:\jdk21\bin\net.dll
0x00007ffb31be0000 - 0x00007ffb31d16000 	C:\WINDOWS\SYSTEM32\WINHTTP.dll
0x00007ffab8c60000 - 0x00007ffab8c76000 	D:\jdk21\bin\nio.dll
0x00007ffb1d450000 - 0x00007ffb1d45a000 	D:\jdk21\bin\management.dll
0x00007ffb1d440000 - 0x00007ffb1d44b000 	D:\jdk21\bin\management_ext.dll
0x00007ffb340c0000 - 0x00007ffb340c8000 	C:\WINDOWS\System32\PSAPI.DLL
0x00007ffb031d0000 - 0x00007ffb031e7000 	C:\WINDOWS\system32\napinsp.dll
0x00007ffb031b0000 - 0x00007ffb031cb000 	C:\WINDOWS\system32\pnrpnsp.dll
0x00007ffb03190000 - 0x00007ffb031a1000 	C:\WINDOWS\System32\winrnr.dll
0x00007ffb2b730000 - 0x00007ffb2b745000 	C:\WINDOWS\system32\wshbth.dll
0x00007ffb03160000 - 0x00007ffb03187000 	C:\WINDOWS\system32\nlansp_c.dll
0x00007ffb32400000 - 0x00007ffb3241b000 	C:\WINDOWS\SYSTEM32\CRYPTSP.dll
0x00007ffb31b20000 - 0x00007ffb31b55000 	C:\WINDOWS\system32\rsaenh.dll
0x00007ffb32200000 - 0x00007ffb32228000 	C:\WINDOWS\SYSTEM32\USERENV.dll
0x00007ffb323e0000 - 0x00007ffb323ec000 	C:\WINDOWS\SYSTEM32\CRYPTBASE.dll
0x00007ffb1d430000 - 0x00007ffb1d439000 	D:\jdk21\bin\extnet.dll
0x00007ffb02e70000 - 0x00007ffb02e80000 	D:\jdk21\bin\verify.dll
0x00007ffb2e120000 - 0x00007ffb2e12e000 	D:\jdk21\bin\sunmscapi.dll
0x00007ffb331c0000 - 0x00007ffb33328000 	C:\WINDOWS\System32\CRYPT32.dll
0x00007ffb32570000 - 0x00007ffb3259e000 	C:\WINDOWS\SYSTEM32\ncrypt.dll
0x00007ffb324a0000 - 0x00007ffb324d7000 	C:\WINDOWS\SYSTEM32\NTASN1.dll
0x00007ffb07810000 - 0x00007ffb07818000 	C:\WINDOWS\system32\wshunix.dll

dbghelp: loaded successfully - version: 4.0.5 - missing functions: none
symbol engine: initialized successfully - sym options: 0x614 - pdb path: .;D:\jdk21\bin;C:\WINDOWS\SYSTEM32;C:\WINDOWS\WinSxS\amd64_microsoft.windows.common-controls_6595b64144ccf1df_6.0.22621.3527_none_270e469b73872a76;D:\jdk21\bin\server

VM Arguments:
jvm_args: -XX:+ShowCodeDetailsInExceptionMessages -agentlib:jdwp=transport=dt_socket,suspend=y,address=localhost:58877 -Dcom.sun.management.jmxremote -Dcom.sun.management.jmxremote.port=58876 -Dcom.sun.management.jmxremote.authenticate=false -Dcom.sun.management.jmxremote.ssl=false -Djava.rmi.server.hostname=localhost -Dspring.jmx.enabled=true -Dmanagement.endpoints.jmx.exposure.include=* -Dspring.application.admin.enabled=true -XX:TieredStopAtLevel=1 -Dspring.boot.project.name=ojt-spring-api -javaagent:D:\jee-2024-03\eclipse\configuration\org.eclipse.osgi\442\0\.cp\lib\javaagent-shaded.jar -Dfile.encoding=UTF-8 -Dstdout.encoding=UTF-8 -Dstderr.encoding=UTF-8 
java_command: com.tuanna.ojt.api.OjtSpringApiApplication --debug --spring.profiles.active=local --spring.output.ansi.enabled=always
java_class_path (initial): D:\Projects\Personal\ojt\ojt-spring-api\bin\test;D:\Projects\Personal\ojt\ojt-spring-api\bin\main;D:\Projects\Personal\ojt\ojt-spring-api\bin\default;D:\.gradle\caches\modules-2\files-2.1\org.projectlombok\lombok\1.18.32\17d46b3e205515e1e8efd3ee4d57ce8018914163\lombok-1.18.32.jar;D:\.gradle\caches\modules-2\files-2.1\org.springframework.boot\spring-boot-starter-data-jpa\3.3.0\daa6f75f99e68f11f473a5681955764ff4d4b024\spring-boot-starter-data-jpa-3.3.0.jar;D:\.gradle\caches\modules-2\files-2.1\org.springframework.boot\spring-boot-starter-security\3.3.0\2d20fb8d3b186343c689a16bd26798cb32309c8\spring-boot-starter-security-3.3.0.jar;D:\.gradle\caches\modules-2\files-2.1\org.springframework.boot\spring-boot-starter-web\3.3.0\d8f587bc52e6c31dc4f161a49ce8f5e19f8853a9\spring-boot-starter-web-3.3.0.jar;D:\.gradle\caches\modules-2\files-2.1\org.springframework.boot\spring-boot-starter-actuator\3.3.0\768a4f4e20c529f08e241b3ab5b316ab0567c30\spring-boot-starter-actuator-3.3.0.jar;D:\.gradle\caches\modules-2\files-2.1\io.hypersistence\hypersistence-utils-hibernate-63\3.7.3\9af27ba378cc349dd025ea6070604fb0645b6e05\hypersistence-utils-hibernate-63-3.7.3.jar;D:\.gradle\caches\modules-2\files-2.1\org.bouncycastle\bcprov-jdk18on\1.77\2cc971b6c20949c1ff98d1a4bc741ee848a09523\bcprov-jdk18on-1.77.jar;D:\.gradle\caches\modules-2\files-2.1\org.springframework.boot\spring-boot-starter-aop\3.3.0\f160f43a3f58618c92677d249a64def02a76830c\spring-boot-starter-aop-3.3.0.jar;D:\.gradle\caches\modules-2\files-2.1\org.springframework.boot\spring-boot-starter-jdbc\3.3.0\d2521191455fbf05c8d5bb49f39cb6d8fcb004b\spring-boot-starter-jdbc-3.3.0.jar;D:\.gradle\caches\modules-2\files-2.1\org.hibernate.orm\hibernate-core\6.5.2.Final\e9e0cc47f6cd2b2553968aee66bd9e55e7485221\hibernate-core-6.5.2.Final.jar;D:\.gradle\caches\modules-2\files-2.1\org.springframework.data\spring-data-jpa\3.3.0\b1a00d814eeffd3024ddc9967b8f1e38d6f9deb7\spring-data-jpa-3.3.0.jar;D:\.gradle\caches\modules-2\files-2.1\org.springframework\spring-aspects\6.1.8\14565483b4dc6171a8d28f953cb202ecbf8fbd0e\spring-aspects-6.1.8.jar;D:\.gradle\caches\modules-2\files-2.1\org.springframework.boot\spring-boot-starter-json\3.3.0\1c9938093b372602f121e2b073f490897388cc71\spring-boot-starter-json-3.3.0.jar;D:\.gradle\caches\modules-2\files-2.1\org.springframework.boot\spring-boot-starter\3.3.0\1af929e0fcb10c2bfc3f3619f4ca9049bd927b\spring-boot-starter-3.3.0.jar;D:\.gradle\caches\modules-2\files-2.1\org.springframework.security\spring-security-config\6.3.0\51f6d9efa687095543086735578f34241200bf83\spring-security-config-6.3.0.jar;D:\.gradle\caches\modules-2\files-2.1\org.springframework.security\spring-security-web\6.3.0\dfdec2d22d6dff861af9e17e0893e3edc742694a\spring-security-web-6.3.0.jar;D:\.gradle\caches\modules-2\files-2.1\org.springframework\spring-webmvc\6.1.8\8496f8c010625bc0b857d19d2e93a9bdd691c1af\spring-webmvc-6.1.8.jar;D:\.gradle\caches\modules-2\files-2.1\org.springframework.boot\spring-boot-actuator-autoconfigure\3.3.0\993952c505a09c13a7fd996def6dbaf3bc6b06d9\spring-boot-actuator-autoconfigure-3.3.0.jar;D:\.gradle\caches\modules-2\files-2.1\org.springframework.boot\spring-boot-autoconfigure\3.3.0\1d98cfa94223e6a3a0e0ad301822cef90cc04fbc\spring-boot-autoconfigure-3.3.0.jar;D:\.gradle\caches\modules-2\files-2.1\org.springframework.boot\spring-boot-actuator\3.3.0\14696a25a7c6adc23836a6a1315f90bbafd23cd4\spring-boot-actuator-3.3.0.jar;D:\.gradle\caches\modules-2\files-2.1\org.springframework.boot\spring-boot\3.3.0\83d42f81f312d71b9425f58d1d3f9e8970e51b22\spring-boot-3.3.0.jar;D:\.gradle\caches\modules-2\files-2.1\org.springframework.security\spring-security-core\6.3.0\5775b401f2764e72bc8a47300a940b2d1e4ea719\spring-security-core-6.3.0.jar;D:\.gradle\caches\modules-2\files-2.1\org.springframework\spring-context\6.1.8\21219a0df58e5b96ef489a172b449232573352e8\spring-context-6.1.8.jar;D:\.gradle\caches\modules-2\files-2.1\org.springframework\spring-aop\6.1.8\ef793a21e405a88d9d32b92cb459c845ee12b271\spring-aop-6.1.8.jar;D:\.gradle\caches\modules-2\files-2.1\org.springframework.boot\spring-boot-starter-tomcat\3.3.0\f9cdd6f3976d307e10cce065349e331d7162faf2\spring-boot-starter-tomcat-3.3.0.jar;D:\.gradle\caches\modules-2\files-2.1\org.springframework\spring-web\6.1.8\1461405dc325c82a0a058df033bee3d8c6dd6e41\spring-web-6.1.8.jar;D:\.gradle\caches\modules-2\files-2.1\io.micrometer\micrometer-jakarta9\1.13.0\5d6820df50cba9ef893bf026eacf5a6093945ac7\micrometer-jakarta9-1.13.0.jar;D:\.gradle\caches\modules-2\files-2.1\io.micrometer\micrometer-core\1.13.0\d7ed656fbc54fde5a03d978fc0d66f270cc4a997\micrometer-core-1.13.0.jar;D:\.gradle\caches\modules-2\files-2.1\io.micrometer\micrometer-observation\1.13.0\5aa75fbb4367dc3b28e557d14535d21335dc8985\micrometer-observation-1.13.0.jar;D:\.gradle\caches\modules-2\files-2.1\jakarta.xml.bind\jakarta.xml.bind-api\4.0.2\6cd5a999b834b63238005b7144136379dc36cad2\jakarta.xml.bind-api-4.0.2.jar;D:\.gradle\caches\modules-2\files-2.1\io.hypersistence\hypersistence-tsid\2.1.1\a80cf39312e81f97c8c84924a52bd8fafb4bfea4\hypersistence-tsid-2.1.1.jar;D:\.gradle\caches\modules-2\files-2.1\org.aspectj\aspectjweaver\1.9.22\10736ab74a53af5e2e1b07e76335a5391526b6f8\aspectjweaver-1.9.22.jar;D:\.gradle\caches\modules-2\files-2.1\com.zaxxer\HikariCP\5.1.0\8c96e36c14461fc436bb02b264b96ef3ca5dca8c\HikariCP-5.1.0.jar;D:\.gradle\caches\modules-2\files-2.1\org.springframework\spring-orm\6.1.8\f66e4c27c29f939083a164513b90ebf7109e76d1\spring-orm-6.1.8.jar;D:\.gradle\caches\modules-2\files-2.1\org.springframework\spring-jdbc\6.1.8\a744f02da5a64f2b497f143c461a5d5d675051e6\spring-jdbc-6.1.8.jar;D:\.gradle\caches\modules-2\files-2.1\jakarta.persistence\jakarta.persistence-api\3.1.0\66901fa1c373c6aff65c13791cc11da72060a8d6\jakarta.persistence-api-3.1.0.jar;D:\.gradle\caches\modules-2\files-2.1\jakarta.transaction\jakarta.transaction-api\2.0.1\51a520e3fae406abb84e2e1148e6746ce3f80a1a\jakarta.transaction-api-2.0.1.jar;D:\.gradle\caches\modules-2\files-2.1\org.springframework.data\spring-data-commons\3.3.0\4dc8ab6219476c3893b27f29ea232ad71911c86e\spring-data-commons-3.3.0.jar;D:\.gradle\caches\modules-2\files-2.1\org.springframework\spring-tx\6.1.8\1f0249f1785d39f9e21694aaeb4b02916abda632\spring-tx-6.1.8.jar;D:\.gradle\caches\modules-2\files-2.1\org.springframework\spring-beans\6.1.8\79a5e45383542ff514b5328fe277410cf4054f3b\spring-beans-6.1.8.jar;D:\.gradle\caches\modules-2\files-2.1\org.springframework\spring-expression\6.1.8\dcf78ef442c24f32ff8c6a9746e7f5209b330111\spring-expression-6.1.8.jar;D:\.gradle\caches\modules-2\files-2.1\org.springframework\spring-core\6.1.8\141fc11a5dbaa503fe361150312ad0fa9d9c03da\spring-core-6.1.8.jar;D:\.gradle\caches\modules-2\files-2.1\org.antlr\antlr4-runtime\4.13.0\5a02e48521624faaf5ff4d99afc88b01686af655\antlr4-runtime-4.13.0.jar;D:\.gradle\caches\modules-2\files-2.1\jakarta.annotation\jakarta.annotation-api\2.1.1\48b9bda22b091b1f48b13af03fe36db3be6e1ae3\jakarta.annotation-api-2.1.1.jar;D:\.gradle\caches\modules-2\files-2.1\org.springframework.boot\spring-boot-starter-logging\3.3.0\79a400c9d7ce3a7cecf296fda402e3100a099bce\spring-boot-starter-logging-3.3.0.jar;D:\.gradle\caches\modules-2\files-2.1\ch.qos.logback\logback-classic\1.5.6\afc75d260d838a3bddfb8f207c2805ed7d1b34f9\logback-classic-1.5.6.jar;D:\.gradle\caches\modules-2\files-2.1\org.apache.logging.log4j\log4j-to-slf4j\2.23.1\425ad1eb8a39904d2830e907a324e956fb456520\log4j-to-slf4j-2.23.1.jar;D:\.gradle\caches\modules-2\files-2.1\org.slf4j\jul-to-slf4j\2.0.13\a3bcd9d9dd50c71ce69f06b1fd05e40fdeff6ba5\jul-to-slf4j-2.0.13.jar;D:\.gradle\caches\modules-2\files-2.1\org.slf4j\slf4j-api\2.0.13\80229737f704b121a318bba5d5deacbcf395bc77\slf4j-api-2.0.13.jar;D:\.gradle\caches\modules-2\files-2.1\org.yaml\snakeyaml\2.2\3af797a25458550a16bf89acc8e4ab2b7f2bfce0\snakeyaml-2.2.jar;D:\.gradle\caches\modules-2\files-2.1\com.fasterxml.jackson.datatype\jackson-datatype-jsr310\2.17.1\969b0c3cb8c75d759e9a6c585c44c9b9f3a4f75\jackson-datatype-jsr310-2.17.1.jar;D:\.gradle\caches\modules-2\files-2.1\com.fasterxml.jackson.module\jackson-module-parameter-names\2.17.1\74a998f6fbcedbddedf0a27e8ce72078b2e516a6\jackson-module-parameter-names-2.17.1.jar;D:\.gradle\caches\modules-2\files-2.1\com.fasterxml.jackson.core\jackson-annotations\2.17.1\fca7ef6192c9ad05d07bc50da991bf937a84af3a\jackson-annotations-2.17.1.jar;D:\.gradle\caches\modules-2\files-2.1\com.fasterxml.jackson.core\jackson-core\2.17.1\5e52a11644cd59a28ef79f02bddc2cc3bab45edb\jackson-core-2.17.1.jar;D:\.gradle\caches\modules-2\files-2.1\com.fasterxml.jackson.datatype\jackson-datatype-jdk8\2.17.1\76b495194c36058904c82e288d285a1bd13f0ffa\jackson-datatype-jdk8-2.17.1.jar;D:\.gradle\caches\modules-2\files-2.1\com.fasterxml.jackson.core\jackson-databind\2.17.1\524dcbcccdde7d45a679dfc333e4763feb09079\jackson-databind-2.17.1.jar;D:\.gradle\caches\modules-2\files-2.1\org.apache.tomcat.embed\tomcat-embed-websocket\10.1.24\938419aba5a4f4645b9cd23a9e1d5453e85d09b9\tomcat-embed-websocket-10.1.24.jar;D:\.gradle\caches\modules-2\files-2.1\org.apache.tomcat.embed\tomcat-embed-core\10.1.24\cd9358f0a26d26e1a2c7200f69cb9a302c20ceb4\tomcat-embed-core-10.1.24.jar;D:\.gradle\caches\modules-2\files-2.1\org.apache.tomcat.embed\tomcat-embed-el\10.1.24\6e9c9dce63c10f903cb0aaaeff45f5f7092f5527\tomcat-embed-el-10.1.24.jar;D:\.gradle\caches\modules-2\files-2.1\io.micrometer\micrometer-commons\1.13.0\156a59aff8d72c5e631eb4a2d739373ed5881609\micrometer-commons-1.13.0.jar;D:\.gradle\caches\modules-2\files-2.1\jakarta.activation\jakarta.activation-api\2.1.3\fa165bd70cda600368eee31555222776a46b881f\jakarta.activation-api-2.1.3.jar;D:\.gradle\caches\modules-2\files-2.1\org.springframework\spring-jcl\6.1.8\a545266a6efac9283353a922783a0a06f197ec0\spring-jcl-6.1.8.jar;D:\.gradle\caches\modules-2\files-2.1\org.springframework.security\spring-security-crypto\6.3.0\78f15b86c791fc7af446cec84ccd941e2eee32cb\spring-security-crypto-6.3.0.jar;D:\.gradle\caches\modules-2\files-2.1\ch.qos.logback\logback-core\1.5.6\41cbe874701200c5624c19e0ab50d1b88dfcc77d\logback-core-1.5.6.jar;D:\.gradle\caches\modules-2\files-2.1\org.apache.logging.log4j\log4j-api\2.23.1\9c15c29c526d9c6783049c0a77722693c66706e1\log4j-api-2.23.1.jar;D:\.gradle\caches\modules-2\files-2.1\org.springframework.boot\spring-boot-devtools\3.3.0\39c6e0d1648deda614d6876524a2778cbd3ddc3c\spring-boot-devtools-3.3.0.jar;D:\.gradle\caches\modules-2\files-2.1\org.postgresql\postgresql\42.7.3\24f3e9f7231428cd20eb4dde00dd3fce44e05464\postgresql-42.7.3.jar;D:\.gradle\caches\modules-2\files-2.1\org.glassfish.jaxb\jaxb-runtime\4.0.5\ca84c2a7169b5293e232b9d00d1e4e36d4c3914a\jaxb-runtime-4.0.5.jar;D:\.gradle\caches\modules-2\files-2.1\org.glassfish.jaxb\jaxb-core\4.0.5\7b4b11ea5542eea4ad55e1080b23be436795b3\jaxb-core-4.0.5.jar;D:\.gradle\caches\modules-2\files-2.1\org.checkerframework\checker-qual\3.42.0\638ec33f363a94d41a4f03c3e7d3dcfba64e402d\checker-qual-3.42.0.jar;D:\.gradle\caches\modules-2\files-2.1\org.jboss.logging\jboss-logging\3.5.3.Final\c88fc1d8a96d4c3491f55d4317458ccad53ca663\jboss-logging-3.5.3.Final.jar;D:\.gradle\caches\modules-2\files-2.1\org.hibernate.common\hibernate-commons-annotations\6.0.6.Final\77a5f94b56d49508e0ee334751db5b78e5ccd50c\hibernate-commons-annotations-6.0.6.Final.jar;D:\.gradle\caches\modules-2\files-2.1\io.smallrye\jandex\3.1.2\a6c1c89925c7df06242b03dddb353116ceb9584c\jandex-3.1.2.jar;D:\.gradle\caches\modules-2\files-2.1\com.fasterxml\classmate\1.7.0\e98374da1f2143ac8e6e0a95036994bb19137a3\classmate-1.7.0.jar;D:\.gradle\caches\modules-2\files-2.1\net.bytebuddy\byte-buddy\1.14.16\e1b9a06e131b7d5b183c8ccc7c29b9e5a8dba077\byte-buddy-1.14.16.jar;D:\.gradle\caches\modules-2\files-2.1\jakarta.inject\jakarta.inject-api\2.0.1\4c28afe1991a941d7702fe1362c365f0a8641d1e\jakarta.inject-api-2.0.1.jar;D:\.gradle\caches\modules-2\files-2.1\org.eclipse.angus\angus-activation\2.0.2\41f1e0ddd157c856926ed149ab837d110955a9fc\angus-activation-2.0.2.jar;D:\.gradle\caches\modules-2\files-2.1\org.hdrhistogram\HdrHistogram\2.2.1\eb1feb351f64176c377772a30174e582c0274d5\HdrHistogram-2.2.1.jar;D:\.gradle\caches\modules-2\files-2.1\org.latencyutils\LatencyUtils\2.0.3\769c0b82cb2421c8256300e907298a9410a2a3d3\LatencyUtils-2.0.3.jar;D:\.gradle\caches\modules-2\files-2.1\org.glassfish.jaxb\txw2\4.0.5\f36a4ef12120a9bb06d766d6a0e54b144fd7ed98\txw2-4.0.5.jar;D:\.gradle\caches\modules-2\files-2.1\com.sun.istack\istack-commons-runtime\4.1.2\18ec117c85f3ba0ac65409136afa8e42bc74e739\istack-commons-runtime-4.1.2.jar;D:\.gradle\caches\modules-2\files-2.1\org.springframework.boot\spring-boot-starter-test\3.3.0\7e8530fb86a9354d3ef8e5efece6e75899f0cdc8\spring-boot-starter-test-3.3.0.jar;D:\.gradle\caches\modules-2\files-2.1\org.springframework.security\spring-security-test\6.3.0\6b1cdf6b78c21fc63104f2c151f5a83a2d01cfa7\spring-security-test-6.3.0.jar;D:\.gradle\caches\modules-2\files-2.1\org.springframework.boot\spring-boot-test-autoconfigure\3.3.0\1e5451c5f21caa7c9ec8dcc1ec81513983c17098\spring-boot-test-autoconfigure-3.3.0.jar;D:\.gradle\caches\modules-2\files-2.1\org.springframework.boot\spring-boot-test\3.3.0\75d7387692d786d957e064f52bd44c7e3e3c393d\spring-boot-test-3.3.0.jar;D:\.gradle\caches\modules-2\files-2.1\com.jayway.jsonpath\json-path\2.9.0\37fe2217f577b0b68b18e62c4d17a8858ecf9b69\json-path-2.9.0.jar;D:\.gradle\caches\modules-2\files-2.1\net.minidev\json-smart\2.5.1\4c11d2808d009132dfbbf947ebf37de6bf266c8e\json-smart-2.5.1.jar;D:\.gradle\caches\modules-2\files-2.1\org.assertj\assertj-core\3.25.3\792b270e73aa1cfc28fa135be0b95e69ea451432\assertj-core-3.25.3.jar;D:\.gradle\caches\modules-2\files-2.1\org.awaitility\awaitility\4.2.1\e56b600e0b184182ba5b2baccd2bab593a98a624\awaitility-4.2.1.jar;D:\.gradle\caches\modules-2\files-2.1\org.hamcrest\hamcrest\2.2\1820c0968dba3a11a1b30669bb1f01978a91dedc\hamcrest-2.2.jar;D:\.gradle\caches\modules-2\files-2.1\org.junit.jupiter\junit-jupiter-params\5.10.2\359132c82a9d3fa87a325db6edd33b5fdc67a3d8\junit-jupiter-params-5.10.2.jar;D:\.gradle\caches\modules-2\files-2.1\org.junit.jupiter\junit-jupiter-api\5.10.2\fb55d6e2bce173f35fd28422e7975539621055ef\junit-jupiter-api-5.10.2.jar;D:\.gradle\caches\modules-2\files-2.1\org.junit.platform\junit-platform-commons\1.10.2\3197154a1f0c88da46c47a9ca27611ac7ec5d797\junit-platform-commons-1.10.2.jar;D:\.gradle\caches\modules-2\files-2.1\org.junit.jupiter\junit-jupiter\5.10.2\831c0b86ddc2ce38391c5b81ea662b0cfdc02cce\junit-jupiter-5.10.2.jar;D:\.gradle\caches\modules-2\files-2.1\org.mockito\mockito-junit-jupiter\5.11.0\8e658dd339f40305ed4293db25545b5df98b171b\mockito-junit-jupiter-5.11.0.jar;D:\.gradle\caches\modules-2\files-2.1\org.mockito\mockito-core\5.11.0\e4069fa4f4ff2c94322cfec5f2e45341c6c70aff\mockito-core-5.11.0.jar;D:\.gradle\caches\modules-2\files-2.1\org.skyscreamer\jsonassert\1.5.1\6d842d0faf4cf6725c509a5e5347d319ee0431c3\jsonassert-1.5.1.jar;D:\.gradle\caches\modules-2\files-2.1\org.springframework\spring-test\6.1.8\72839d29b5c60e1ce9b720abd6a8c396e5b265b2\spring-test-6.1.8.jar;D:\.gradle\caches\modules-2\files-2.1\org.xmlunit\xmlunit-core\2.9.1\e5833662d9a1279a37da3ef6f62a1da29fcd68c4\xmlunit-core-2.9.1.jar;D:\.gradle\caches\modules-2\files-2.1\net.minidev\accessors-smart\2.5.1\19b820261eb2e7de7d5bde11d1c06e4501dd7e5f\accessors-smart-2.5.1.jar;D:\.gradle\caches\modules-2\files-2.1\net.bytebuddy\byte-buddy-agent\1.14.16\4a451ee6484abac3a498df0f3b33ed00a6fced4d\byte-buddy-agent-1.14.16.jar;D:\.gradle\caches\modules-2\files-2.1\com.vaadin.external.google\android-json\0.0.20131108.vaadin1\fa26d351fe62a6a17f5cda1287c1c6110dec413f\android-json-0.0.20131108.vaadin1.jar;D:\.gradle\caches\modules-2\files-2.1\org.ow2.asm\asm\9.6\aa205cf0a06dbd8e04ece91c0b37c3f5d567546a\asm-9.6.jar;D:\.gradle\caches\modules-2\files-2.1\org.opentest4j\opentest4j\1.3.0\152ea56b3a72f655d4fd677fc0ef2596c3dd5e6e\opentest4j-1.3.0.jar;D:\.gradle\caches\modules-2\files-2.1\org.apiguardian\apiguardian-api\1.1.2\a231e0d844d2721b0fa1b238006d15c6ded6842a\apiguardian-api-1.1.2.jar;D:\.gradle\caches\modules-2\files-2.1\org.junit.jupiter\junit-jupiter-engine\5.10.2\f1f8fe97bd58e85569205f071274d459c2c4f8cd\junit-jupiter-engine-5.10.2.jar;D:\.gradle\caches\modules-2\files-2.1\org.junit.platform\junit-platform-engine\1.10.2\d53bb4e0ce7f211a498705783440614bfaf0df2e\junit-platform-engine-1.10.2.jar;D:\.gradle\caches\modules-2\files-2.1\org.objenesis\objenesis\3.3\1049c09f1de4331e8193e579448d0916d75b7631\objenesis-3.3.jar
Launcher Type: SUN_STANDARD

[Global flags]
     intx CICompilerCount                          = 4                                         {product} {ergonomic}
     uint ConcGCThreads                            = 3                                         {product} {ergonomic}
     uint G1ConcRefinementThreads                  = 10                                        {product} {ergonomic}
   size_t G1HeapRegionSize                         = 4194304                                   {product} {ergonomic}
    uintx GCDrainStackTargetSize                   = 64                                        {product} {ergonomic}
   size_t InitialHeapSize                          = 536870912                                 {product} {ergonomic}
     bool ManagementServer                         = true                                      {product} {command line}
   size_t MarkStackSize                            = 4194304                                   {product} {ergonomic}
   size_t MaxHeapSize                              = 8547991552                                {product} {ergonomic}
   size_t MaxNewSize                               = 5125439488                                {product} {ergonomic}
   size_t MinHeapDeltaBytes                        = 4194304                                   {product} {ergonomic}
   size_t MinHeapSize                              = 8388608                                   {product} {ergonomic}
    uintx NonNMethodCodeHeapSize                   = 4096                                   {pd product} {ergonomic}
    uintx NonProfiledCodeHeapSize                  = 0                                      {pd product} {ergonomic}
     bool ProfileInterpreter                       = false                                  {pd product} {command line}
    uintx ProfiledCodeHeapSize                     = 0                                      {pd product} {ergonomic}
     bool ShowCodeDetailsInExceptionMessages       = true                                   {manageable} {command line}
   size_t SoftMaxHeapSize                          = 8547991552                             {manageable} {ergonomic}
     intx TieredStopAtLevel                        = 1                                         {product} {command line}
     bool UseCompressedOops                        = true                           {product lp64_product} {ergonomic}
     bool UseG1GC                                  = true                                      {product} {ergonomic}
     bool UseLargePagesIndividualAllocation        = false                                  {pd product} {ergonomic}

Logging:
Log output configuration:
 #0: stdout all=warning uptime,level,tags foldmultilines=false
 #1: stderr all=off uptime,level,tags foldmultilines=false

Environment Variables:
PATH=D:/jdk21/bin/server;D:/jdk21/bin;C:\WINDOWS\system32;C:\WINDOWS;C:\WINDOWS\System32\Wbem;C:\WINDOWS\System32\WindowsPowerShell\v1.0\;C:\WINDOWS\System32\OpenSSH\;C:\Program Files\Microsoft SQL Server\Client SDK\ODBC\170\Tools\Binn\;C:\ProgramData\chocolatey\bin;C:\Program Files\TortoiseSVN\bin;C:\Program Files\Microsoft SQL Server\Client SDK\ODBC\110\Tools\Binn\;C:\Program Files\dotnet\;D:\jdk21\bin;D:\node;D:\gradle\bin;D:\tailwindcss;D:\Visual Studio Code\bin;D:\flutter\bin;C:\MinGW\bin;C:\WINDOWS\system32;C:\WINDOWS;C:\WINDOWS\System32\Wbem;C:\WINDOWS\System32\WindowsPowerShell\v1.0\;C:\WINDOWS\System32\OpenSSH\;C:\Program Files\Microsoft SQL Server\150\Tools\Binn\;C:\Program Files (x86)\Microsoft SQL Server\160\DTS\Binn\;D:\AndroidSdk\platform-tools;C:\Program Files\Git\cmd;C:\Users\tuanna\AppData\Local\pnpm;C:\Users\tuanna\AppData\Local\Microsoft\WindowsApps;C:\Coding\cpp_compiler\mingw64\bin;C:\Users\tuanna\.dotnet\tools;C:\Program Files\Azure Data Studio\bin;C:\Users\tuanna\AppData\Roaming\npm;D:\Neovim\bin;C:\Program Files\Neovim\bin;D:\CodingEnvironment\Kotlin\kotlinc\bin;C:\Users\tuanna\AppData\Local\Programs\oh-my-posh\bin;C:\WINDOWS\System32;
USERNAME=tuanna
OS=Windows_NT
PROCESSOR_IDENTIFIER=Intel64 Family 6 Model 158 Stepping 10, GenuineIntel
TMP=C:\Users\tuanna\AppData\Local\Temp
TEMP=C:\Users\tuanna\AppData\Local\Temp




Periodic native trim disabled

---------------  S Y S T E M  ---------------

OS:
 Windows 11 , 64 bit Build 22621 (10.0.22621.3527)
OS uptime: 5 days 22:12 hours
Hyper-V role detected

CPU: total 12 (initial active 12) (6 cores per cpu, 2 threads per core) family 6 model 158 stepping 10 microcode 0xde, cx8, cmov, fxsr, ht, mmx, 3dnowpref, sse, sse2, sse3, ssse3, sse4.1, sse4.2, popcnt, lzcnt, tsc, tscinvbit, avx, avx2, aes, erms, clmul, bmi1, bmi2, rtm, adx, fma, vzeroupper, clflush, clflushopt, hv, rdtscp, f16c
Processor Information for all 12 processors :
  Max Mhz: 3192, Current Mhz: 3192, Mhz Limit: 3192

Memory: 4k page, system-wide physical 32594M (12736M free)
TotalPageFile size 40544M (AvailPageFile size 6247M)
current process WorkingSet (physical memory assigned to process): 421M, peak: 421M
current process commit charge ("private bytes"): 479M, peak: 644M

vm_info: Java HotSpot(TM) 64-Bit Server VM (21.0.3+7-LTS-152) for windows-amd64 JRE (21.0.3+7-LTS-152), built on 2024-03-11T17:42:26Z by "mach5one" with MS VC++ 17.6 (VS2022)

END.
